2023-01-10 07:15:41 +0000  Initial pipeline context: <IDEDistributionProcessingPipelineContext: 0x447740850; archive(resolved)="<IDEArchive: 0x60009ef8c1e0>", distributionTask(resolved)="2", distributionDestination(resolved)="1", distributionMethod(resolved)="<IDEDistributionMethodDevelopmentSigned: 0x60007c9afd50>", team(resolved)="<IDEProvisioningDisambiguatableBasicTeam: 0x60000d5d8a40; teamID='4F6LM54QKY', teamName='Terra Systems Pte Ltd', teamType='Company', username='ios@terra.systems', isFreeProvisioningTeam='0'>">
	Chain (14, self inclusive):
	<IDEDistributionProcessingPipelineContext: 0x447740850; archive = "<IDEArchive: 0x60009ef8c1e0>", distributionMethod="<IDEDistributionMethodDevelopmentSigned: 0x60007c9afd50>", team="<IDEProvisioningDisambiguatableBasicTeam: 0x60000d5d8a40; teamID='4F6LM54QKY', teamName='Terra Systems Pte Ltd', teamType='Company', username='ios@terra.systems', isFreeProvisioningTeam='0'>">
	<IDEDistributionProcessingPipelineContext: 0x4477405e0; archive = "<IDEArchive: 0x60009ef8c1e0>", distributionMethod="<IDEDistributionMethodDevelopmentSigned: 0x60007c9afd50>", team="<IDEProvisioningDisambiguatableBasicTeam: 0x60000d5d8a40; teamID='4F6LM54QKY', teamName='Terra Systems Pte Ltd', teamType='Company', username='ios@terra.systems', isFreeProvisioningTeam='0'>">
	<IDEDistributionContext: 0x2f0718800; archive = "<IDEArchive: 0x60009ef8c1e0>", distributionMethod="<IDEDistributionMethodDevelopmentSigned: 0x60007c9afd50>", team="<IDEProvisioningDisambiguatableBasicTeam: 0x60000d5d8a40; teamID='4F6LM54QKY', teamName='Terra Systems Pte Ltd', teamType='Company', username='ios@terra.systems', isFreeProvisioningTeam='0'>">
	<IDEDistributionContext: 0x2c5b322f0; archive = "<IDEArchive: 0x60009ef8c1e0>", distributionMethod="<IDEDistributionMethodDevelopmentSigned: 0x60007c9afd50>", team="<IDEProvisioningDisambiguatableBasicTeam: 0x60000d5d8a40; teamID='4F6LM54QKY', teamName='Terra Systems Pte Ltd', teamType='Company', username='ios@terra.systems', isFreeProvisioningTeam='0'>">
	<IDEDistributionContext: 0x2f0d579f0; archive = "<IDEArchive: 0x60009ef8c1e0>", distributionMethod="<IDEDistributionMethodDevelopmentSigned: 0x60007c9afd50>", team="<IDEProvisioningDisambiguatableBasicTeam: 0x60000d5d8a40; teamID='4F6LM54QKY', teamName='Terra Systems Pte Ltd', teamType='Company', username='ios@terra.systems', isFreeProvisioningTeam='0'>">
	<IDEDistributionContext: 0x2f0d577f0; archive = "<IDEArchive: 0x60009ef8c1e0>", distributionMethod="<IDEDistributionMethodDevelopmentSigned: 0x60007c9afd50>", team="<IDEProvisioningDisambiguatableBasicTeam: 0x60000d5d8a40; teamID='4F6LM54QKY', teamName='Terra Systems Pte Ltd', teamType='Company', username='ios@terra.systems', isFreeProvisioningTeam='0'>">
	<IDEDistributionContext: 0x459925690; archive = "<IDEArchive: 0x60009ef8c1e0>", distributionMethod="<IDEDistributionMethodDevelopmentSigned: 0x60007c9afd50>", team="<IDEProvisioningDisambiguatableBasicTeam: 0x60000d5d8a40; teamID='4F6LM54QKY', teamName='Terra Systems Pte Ltd', teamType='Company', username='ios@terra.systems', isFreeProvisioningTeam='0'>">
	<IDEDistributionContext: 0x45994a480; archive = "<IDEArchive: 0x60009ef8c1e0>", distributionMethod="<IDEDistributionMethodDevelopmentSigned: 0x60007c9afd50>", team="<IDEProvisioningDisambiguatableBasicTeam: 0x60000d5d8a40; teamID='4F6LM54QKY', teamName='Terra Systems Pte Ltd', teamType='Company', username='ios@terra.systems', isFreeProvisioningTeam='0'>">
	<IDEDistributionContext: 0x45961d610; archive = "<IDEArchive: 0x60009ef8c1e0>", distributionMethod="<IDEDistributionMethodDevelopmentSigned: 0x60007c9afd50>", team="<IDEProvisioningDisambiguatableBasicTeam: 0x60000d5d8a40; teamID='4F6LM54QKY', teamName='Terra Systems Pte Ltd', teamType='Company', username='ios@terra.systems', isFreeProvisioningTeam='0'>">
	<IDEDistributionContext: 0x2fdedd0f0; archive = "<IDEArchive: 0x60009ef8c1e0>", distributionMethod="<IDEDistributionMethodDevelopmentSigned: 0x60007c9afd50>", team="(null)">
	<IDEDistributionContext: 0x2e79a1860; archive = "<IDEArchive: 0x60009ef8c1e0>", distributionMethod="<IDEDistributionMethodDevelopmentSigned: 0x60007c9afd50>", team="(null)">
	<IDEDistributionContext: 0x2f0df8bc0; archive = "<IDEArchive: 0x60009ef8c1e0>", distributionMethod="<IDEDistributionMethodDevelopmentSigned: 0x60007c9afd50>", team="(null)">
	<IDEDistributionContext: 0x4441ca940; archive = "<IDEArchive: 0x60009ef8c1e0>", distributionMethod="<IDEDistributionMethodDevelopmentSigned: 0x60007c9afd50>", team="(null)">
	<IDEDistributionContext: 0x4596a1970; archive = "<IDEArchive: 0x60009ef8c1e0>", distributionMethod="(null)", team="(null)">
</IDEDistributionProcessingPipelineContext: 0x447740850>
2023-01-10 07:15:41 +0000  Processing step: IDEDistributionCreateDestRootStep
2023-01-10 07:15:41 +0000  Processing step: IDEDistributionCopyItemStep
2023-01-10 07:15:41 +0000  Running /usr/bin/ditto '-V' '/Users/parthibanchristopher/Library/Developer/Xcode/Archives/2023-01-10/syfc 10-1-23, 3.12 PM.xcarchive/Products/Applications/SYFC.app' '/var/folders/g2/d727zpjx6_13bjxzzcl2kbxc0000gn/T/XcodeDistPipeline.~~~S0IVTY/Root/Payload/SYFC.app'
2023-01-10 07:15:41 +0000  >>> Copying /Users/parthibanchristopher/Library/Developer/Xcode/Archives/2023-01-10/syfc 10-1-23, 3.12 PM.xcarchive/Products/Applications/SYFC.app 
2023-01-10 07:15:41 +0000  copying file ./_CodeSignature/CodeResources ... 
2023-01-10 07:15:41 +0000  9107 bytes for ./_CodeSignature/CodeResources
2023-01-10 07:15:41 +0000  copying file ./SYFC ... 
2023-01-10 07:15:41 +0000  2727584 bytes for ./SYFC
2023-01-10 07:15:41 +0000  copying file ./AppIcon60x60@2x.png ... 
2023-01-10 07:15:41 +0000  10551 bytes for ./AppIcon60x60@2x.png
2023-01-10 07:15:41 +0000  copying file ./GoogleService-Info.plist ... 
2023-01-10 07:15:41 +0000  670 bytes for ./GoogleService-Info.plist
2023-01-10 07:15:41 +0000  copying file ./Assets.car ... 
2023-01-10 07:15:41 +0000  837807 bytes for ./Assets.car
2023-01-10 07:15:41 +0000  copying file ./AppIcon76x76@2x~ipad.png ... 
2023-01-10 07:15:41 +0000  15817 bytes for ./AppIcon76x76@2x~ipad.png
2023-01-10 07:15:41 +0000  copying file ./Frameworks/FBLPromises.framework/_CodeSignature/CodeResources ... 
2023-01-10 07:15:41 +0000  1798 bytes for ./Frameworks/FBLPromises.framework/_CodeSignature/CodeResources
2023-01-10 07:15:41 +0000  copying file ./Frameworks/FBLPromises.framework/FBLPromises ... 
2023-01-10 07:15:41 +0000  192192 bytes for ./Frameworks/FBLPromises.framework/FBLPromises
2023-01-10 07:15:41 +0000  copying file ./Frameworks/FBLPromises.framework/Info.plist ... 
2023-01-10 07:15:41 +0000  791 bytes for ./Frameworks/FBLPromises.framework/Info.plist
2023-01-10 07:15:41 +0000  copying file ./Frameworks/FirebaseCoreInternal.framework/_CodeSignature/CodeResources ... 
2023-01-10 07:15:41 +0000  1798 bytes for ./Frameworks/FirebaseCoreInternal.framework/_CodeSignature/CodeResources
2023-01-10 07:15:41 +0000  copying file ./Frameworks/FirebaseCoreInternal.framework/FirebaseCoreInternal ... 
2023-01-10 07:15:41 +0000  413552 bytes for ./Frameworks/FirebaseCoreInternal.framework/FirebaseCoreInternal
2023-01-10 07:15:41 +0000  copying file ./Frameworks/FirebaseCoreInternal.framework/Info.plist ... 
2023-01-10 07:15:41 +0000  813 bytes for ./Frameworks/FirebaseCoreInternal.framework/Info.plist
2023-01-10 07:15:41 +0000  copying file ./Frameworks/FirebaseCore.framework/_CodeSignature/CodeResources ... 
2023-01-10 07:15:41 +0000  1798 bytes for ./Frameworks/FirebaseCore.framework/_CodeSignature/CodeResources
2023-01-10 07:15:41 +0000  copying file ./Frameworks/FirebaseCore.framework/FirebaseCore ... 
2023-01-10 07:15:41 +0000  198032 bytes for ./Frameworks/FirebaseCore.framework/FirebaseCore
2023-01-10 07:15:41 +0000  copying file ./Frameworks/FirebaseCore.framework/Info.plist ... 
2023-01-10 07:15:41 +0000  795 bytes for ./Frameworks/FirebaseCore.framework/Info.plist
2023-01-10 07:15:41 +0000  copying file ./Frameworks/GoogleUtilities.framework/_CodeSignature/CodeResources ... 
2023-01-10 07:15:41 +0000  1798 bytes for ./Frameworks/GoogleUtilities.framework/_CodeSignature/CodeResources
2023-01-10 07:15:41 +0000  copying file ./Frameworks/GoogleUtilities.framework/GoogleUtilities ... 
2023-01-10 07:15:41 +0000  318720 bytes for ./Frameworks/GoogleUtilities.framework/GoogleUtilities
2023-01-10 07:15:41 +0000  copying file ./Frameworks/GoogleUtilities.framework/Info.plist ... 
2023-01-10 07:15:41 +0000  802 bytes for ./Frameworks/GoogleUtilities.framework/Info.plist
2023-01-10 07:15:41 +0000  copying file ./Frameworks/nanopb.framework/_CodeSignature/CodeResources ... 
2023-01-10 07:15:41 +0000  1798 bytes for ./Frameworks/nanopb.framework/_CodeSignature/CodeResources
2023-01-10 07:15:41 +0000  copying file ./Frameworks/nanopb.framework/nanopb ... 
2023-01-10 07:15:41 +0000  80800 bytes for ./Frameworks/nanopb.framework/nanopb
2023-01-10 07:15:41 +0000  copying file ./Frameworks/nanopb.framework/Info.plist ... 
2023-01-10 07:15:41 +0000  785 bytes for ./Frameworks/nanopb.framework/Info.plist
2023-01-10 07:15:41 +0000  copying file ./Frameworks/Promise.framework/_CodeSignature/CodeResources ... 
2023-01-10 07:15:41 +0000  1798 bytes for ./Frameworks/Promise.framework/_CodeSignature/CodeResources
2023-01-10 07:15:41 +0000  copying file ./Frameworks/Promise.framework/Promise ... 
2023-01-10 07:15:41 +0000  213824 bytes for ./Frameworks/Promise.framework/Promise
2023-01-10 07:15:41 +0000  copying file ./Frameworks/Promise.framework/Info.plist ... 
2023-01-10 07:15:41 +0000  783 bytes for ./Frameworks/Promise.framework/Info.plist
2023-01-10 07:15:41 +0000  copying file ./Frameworks/FirebaseInstallations.framework/_CodeSignature/CodeResources ... 
2023-01-10 07:15:41 +0000  1798 bytes for ./Frameworks/FirebaseInstallations.framework/_CodeSignature/CodeResources
2023-01-10 07:15:41 +0000  copying file ./Frameworks/FirebaseInstallations.framework/FirebaseInstallations ... 
2023-01-10 07:15:41 +0000  294128 bytes for ./Frameworks/FirebaseInstallations.framework/FirebaseInstallations
2023-01-10 07:15:41 +0000  copying file ./Frameworks/FirebaseInstallations.framework/Info.plist ... 
2023-01-10 07:15:41 +0000  815 bytes for ./Frameworks/FirebaseInstallations.framework/Info.plist
2023-01-10 07:15:41 +0000  copying file ./embedded.mobileprovision ... 
2023-01-10 07:15:41 +0000  18062 bytes for ./embedded.mobileprovision
2023-01-10 07:15:41 +0000  copying file ./Info.plist ... 
2023-01-10 07:15:41 +0000  1628 bytes for ./Info.plist
2023-01-10 07:15:41 +0000  copying file ./PkgInfo ... 
2023-01-10 07:15:41 +0000  8 bytes for ./PkgInfo
2023-01-10 07:15:41 +0000  /usr/bin/ditto exited with 0
2023-01-10 07:15:41 +0000  Processing step: IDEDistributionEmbedProfileStep
2023-01-10 07:15:41 +0000  Skipping profile for item: <IDEDistributionItem: 0x6000a2fc8780; bundleID='org.cocoapods.FBLPromises', path='<DVTFilePath:0x6000521a28b0:'/Users/parthibanchristopher/Library/Developer/Xcode/Archives/2023-01-10/syfc 10-1-23, 3.12 PM.xcarchive/Products/Applications/SYFC.app/Frameworks/FBLPromises.framework'>', codeSigningInfo='<_DVTCodeSigningInformation_Path: 0x6000e2ab2710; isSigned='1', isAdHocSigned='0', signingCertificate='<DVTSigningCertificate: 0x60001fd87440; name='Apple Development: Wayne Ong (R97PA3P7Z9)', hash='1503AF78DD15A63F3153FCFB8A507997A052270F', serialNumber='685E4B043D63C57627A83E1B3067E854', certificateKinds='(
    "1.2.840.113635.100.6.1.12",
    "1.2.840.113635.100.6.1.2"
), issueDate='2022-12-05 14:30:19 +0000''>', entitlements='(null)', teamID='4F6LM54QKY', identifier='org.cocoapods.FBLPromises', executablePath='<DVTFilePath:0x60005219ce70:'/Users/parthibanchristopher/Library/Developer/Xcode/Archives/2023-01-10/syfc 10-1-23, 3.12 PM.xcarchive/Products/Applications/SYFC.app/Frameworks/FBLPromises.framework/FBLPromises'>', hardenedRuntime='0'>'>
2023-01-10 07:15:41 +0000  Skipping profile for item: <IDEDistributionItem: 0x6000a2fc82a0; bundleID='org.cocoapods.FirebaseCore', path='<DVTFilePath:0x60005219c150:'/Users/parthibanchristopher/Library/Developer/Xcode/Archives/2023-01-10/syfc 10-1-23, 3.12 PM.xcarchive/Products/Applications/SYFC.app/Frameworks/FirebaseCore.framework'>', codeSigningInfo='<_DVTCodeSigningInformation_Path: 0x6000e2ab2e40; isSigned='1', isAdHocSigned='0', signingCertificate='<DVTSigningCertificate: 0x60001bd43650; name='Apple Development: Wayne Ong (R97PA3P7Z9)', hash='1503AF78DD15A63F3153FCFB8A507997A052270F', serialNumber='685E4B043D63C57627A83E1B3067E854', certificateKinds='(
    "1.2.840.113635.100.6.1.12",
    "1.2.840.113635.100.6.1.2"
), issueDate='2022-12-05 14:30:19 +0000''>', entitlements='(null)', teamID='4F6LM54QKY', identifier='org.cocoapods.FirebaseCore', executablePath='<DVTFilePath:0x6000521a2920:'/Users/parthibanchristopher/Library/Developer/Xcode/Archives/2023-01-10/syfc 10-1-23, 3.12 PM.xcarchive/Products/Applications/SYFC.app/Frameworks/FirebaseCore.framework/FirebaseCore'>', hardenedRuntime='0'>'>
2023-01-10 07:15:41 +0000  Skipping profile for item: <IDEDistributionItem: 0x6000a2fc90e0; bundleID='org.cocoapods.FirebaseCoreInternal', path='<DVTFilePath:0x60004e5a0100:'/Users/parthibanchristopher/Library/Developer/Xcode/Archives/2023-01-10/syfc 10-1-23, 3.12 PM.xcarchive/Products/Applications/SYFC.app/Frameworks/FirebaseCoreInternal.framework'>', codeSigningInfo='<_DVTCodeSigningInformation_Path: 0x6000e2bd6440; isSigned='1', isAdHocSigned='0', signingCertificate='<DVTSigningCertificate: 0x60001fdea260; name='Apple Development: Wayne Ong (R97PA3P7Z9)', hash='1503AF78DD15A63F3153FCFB8A507997A052270F', serialNumber='685E4B043D63C57627A83E1B3067E854', certificateKinds='(
    "1.2.840.113635.100.6.1.12",
    "1.2.840.113635.100.6.1.2"
), issueDate='2022-12-05 14:30:19 +0000''>', entitlements='(null)', teamID='4F6LM54QKY', identifier='org.cocoapods.FirebaseCoreInternal', executablePath='<DVTFilePath:0x60005219ea70:'/Users/parthibanchristopher/Library/Developer/Xcode/Archives/2023-01-10/syfc 10-1-23, 3.12 PM.xcarchive/Products/Applications/SYFC.app/Frameworks/FirebaseCoreInternal.framework/FirebaseCoreInternal'>', hardenedRuntime='0'>'>
2023-01-10 07:15:41 +0000  Skipping profile for item: <IDEDistributionItem: 0x60009efe1380; bundleID='org.cocoapods.FirebaseInstallations', path='<DVTFilePath:0x60004e5a3080:'/Users/parthibanchristopher/Library/Developer/Xcode/Archives/2023-01-10/syfc 10-1-23, 3.12 PM.xcarchive/Products/Applications/SYFC.app/Frameworks/FirebaseInstallations.framework'>', codeSigningInfo='<_DVTCodeSigningInformation_Path: 0x6000e2ab3bb0; isSigned='1', isAdHocSigned='0', signingCertificate='<DVTSigningCertificate: 0x60001fd87440; name='Apple Development: Wayne Ong (R97PA3P7Z9)', hash='1503AF78DD15A63F3153FCFB8A507997A052270F', serialNumber='685E4B043D63C57627A83E1B3067E854', certificateKinds='(
    "1.2.840.113635.100.6.1.12",
    "1.2.840.113635.100.6.1.2"
), issueDate='2022-12-05 14:30:19 +0000''>', entitlements='(null)', teamID='4F6LM54QKY', identifier='org.cocoapods.FirebaseInstallations', executablePath='<DVTFilePath:0x600052193bf0:'/Users/parthibanchristopher/Library/Developer/Xcode/Archives/2023-01-10/syfc 10-1-23, 3.12 PM.xcarchive/Products/Applications/SYFC.app/Frameworks/FirebaseInstallations.framework/FirebaseInstallations'>', hardenedRuntime='0'>'>
2023-01-10 07:15:41 +0000  Skipping profile for item: <IDEDistributionItem: 0x60009efe3300; bundleID='org.cocoapods.GoogleUtilities', path='<DVTFilePath:0x60004e5a3a00:'/Users/parthibanchristopher/Library/Developer/Xcode/Archives/2023-01-10/syfc 10-1-23, 3.12 PM.xcarchive/Products/Applications/SYFC.app/Frameworks/GoogleUtilities.framework'>', codeSigningInfo='<_DVTCodeSigningInformation_Path: 0x6000e2bd5fe0; isSigned='1', isAdHocSigned='0', signingCertificate='<DVTSigningCertificate: 0x60001fd87440; name='Apple Development: Wayne Ong (R97PA3P7Z9)', hash='1503AF78DD15A63F3153FCFB8A507997A052270F', serialNumber='685E4B043D63C57627A83E1B3067E854', certificateKinds='(
    "1.2.840.113635.100.6.1.12",
    "1.2.840.113635.100.6.1.2"
), issueDate='2022-12-05 14:30:19 +0000''>', entitlements='(null)', teamID='4F6LM54QKY', identifier='org.cocoapods.GoogleUtilities', executablePath='<DVTFilePath:0x6000521a48c0:'/Users/parthibanchristopher/Library/Developer/Xcode/Archives/2023-01-10/syfc 10-1-23, 3.12 PM.xcarchive/Products/Applications/SYFC.app/Frameworks/GoogleUtilities.framework/GoogleUtilities'>', hardenedRuntime='0'>'>
2023-01-10 07:15:41 +0000  Skipping profile for item: <IDEDistributionItem: 0x6000a2ff7f60; bundleID='org.cocoapods.Promise', path='<DVTFilePath:0x60005219cee0:'/Users/parthibanchristopher/Library/Developer/Xcode/Archives/2023-01-10/syfc 10-1-23, 3.12 PM.xcarchive/Products/Applications/SYFC.app/Frameworks/Promise.framework'>', codeSigningInfo='<_DVTCodeSigningInformation_Path: 0x6000aec87c50; isSigned='1', isAdHocSigned='0', signingCertificate='<DVTSigningCertificate: 0x60001fd87440; name='Apple Development: Wayne Ong (R97PA3P7Z9)', hash='1503AF78DD15A63F3153FCFB8A507997A052270F', serialNumber='685E4B043D63C57627A83E1B3067E854', certificateKinds='(
    "1.2.840.113635.100.6.1.12",
    "1.2.840.113635.100.6.1.2"
), issueDate='2022-12-05 14:30:19 +0000''>', entitlements='(null)', teamID='4F6LM54QKY', identifier='org.cocoapods.Promise', executablePath='<DVTFilePath:0x60009ef45920:'/Users/parthibanchristopher/Library/Developer/Xcode/Archives/2023-01-10/syfc 10-1-23, 3.12 PM.xcarchive/Products/Applications/SYFC.app/Frameworks/Promise.framework/Promise'>', hardenedRuntime='0'>'>
2023-01-10 07:15:41 +0000  Skipping profile for item: <IDEDistributionItem: 0x6000a2fc8d80; bundleID='org.cocoapods.nanopb', path='<DVTFilePath:0x60005219cc40:'/Users/parthibanchristopher/Library/Developer/Xcode/Archives/2023-01-10/syfc 10-1-23, 3.12 PM.xcarchive/Products/Applications/SYFC.app/Frameworks/nanopb.framework'>', codeSigningInfo='<_DVTCodeSigningInformation_Path: 0x6000e2bd62b0; isSigned='1', isAdHocSigned='0', signingCertificate='<DVTSigningCertificate: 0x60001fd87440; name='Apple Development: Wayne Ong (R97PA3P7Z9)', hash='1503AF78DD15A63F3153FCFB8A507997A052270F', serialNumber='685E4B043D63C57627A83E1B3067E854', certificateKinds='(
    "1.2.840.113635.100.6.1.12",
    "1.2.840.113635.100.6.1.2"
), issueDate='2022-12-05 14:30:19 +0000''>', entitlements='(null)', teamID='4F6LM54QKY', identifier='org.cocoapods.nanopb', executablePath='<DVTFilePath:0x6000a2fcca80:'/Users/parthibanchristopher/Library/Developer/Xcode/Archives/2023-01-10/syfc 10-1-23, 3.12 PM.xcarchive/Products/Applications/SYFC.app/Frameworks/nanopb.framework/nanopb'>', hardenedRuntime='0'>'>
2023-01-10 07:15:41 +0000  Processing step: IDEDistributionInfoPlistStep
2023-01-10 07:15:41 +0000  Skipping step: IDEDistributionInfoPlistStep because it said so
2023-01-10 07:15:41 +0000  Skipping step: IDEDistributionInfoPlistStep because it said so
2023-01-10 07:15:41 +0000  Skipping step: IDEDistributionInfoPlistStep because it said so
2023-01-10 07:15:41 +0000  Skipping step: IDEDistributionInfoPlistStep because it said so
2023-01-10 07:15:41 +0000  Skipping step: IDEDistributionInfoPlistStep because it said so
2023-01-10 07:15:41 +0000  Skipping step: IDEDistributionInfoPlistStep because it said so
2023-01-10 07:15:41 +0000  Skipping step: IDEDistributionInfoPlistStep because it said so
2023-01-10 07:15:41 +0000  Skipping step: IDEDistributionInfoPlistStep because it said so
2023-01-10 07:15:41 +0000  Processing step: IDEDistributionAppThinningPlistStep
2023-01-10 07:15:41 +0000  Skipping step: IDEDistributionAppThinningPlistStep because it said so
2023-01-10 07:15:41 +0000  Processing step: IDEDistributionCompileBitcodeStep
2023-01-10 07:15:41 +0000  Skipping step: IDEDistributionCompileBitcodeStep because it said so
2023-01-10 07:15:41 +0000  Processing step: IDEDistributionCodeSlimmingStep
2023-01-10 07:15:41 +0000  Processing step: IDEDistributionCopyBCSymbolMapsStep
2023-01-10 07:15:41 +0000  Skipping step: IDEDistributionCopyBCSymbolMapsStep because it said so
2023-01-10 07:15:41 +0000  Skipping step: IDEDistributionCopyBCSymbolMapsStep because it said so
2023-01-10 07:15:41 +0000  Skipping step: IDEDistributionCopyBCSymbolMapsStep because it said so
2023-01-10 07:15:41 +0000  Skipping step: IDEDistributionCopyBCSymbolMapsStep because it said so
2023-01-10 07:15:41 +0000  Skipping step: IDEDistributionCopyBCSymbolMapsStep because it said so
2023-01-10 07:15:41 +0000  Skipping step: IDEDistributionCopyBCSymbolMapsStep because it said so
2023-01-10 07:15:41 +0000  Skipping step: IDEDistributionCopyBCSymbolMapsStep because it said so
2023-01-10 07:15:41 +0000  Skipping step: IDEDistributionCopyBCSymbolMapsStep because it said so
2023-01-10 07:15:41 +0000  Processing step: IDEDistributionSymbolsStep
2023-01-10 07:15:41 +0000  Skipping step: IDEDistributionSymbolsStep because it said so
2023-01-10 07:15:41 +0000  Skipping step: IDEDistributionSymbolsStep because it said so
2023-01-10 07:15:41 +0000  Skipping step: IDEDistributionSymbolsStep because it said so
2023-01-10 07:15:41 +0000  Skipping step: IDEDistributionSymbolsStep because it said so
2023-01-10 07:15:41 +0000  Skipping step: IDEDistributionSymbolsStep because it said so
2023-01-10 07:15:41 +0000  Skipping step: IDEDistributionSymbolsStep because it said so
2023-01-10 07:15:41 +0000  Skipping step: IDEDistributionSymbolsStep because it said so
2023-01-10 07:15:41 +0000  Skipping step: IDEDistributionSymbolsStep because it said so
2023-01-10 07:15:41 +0000  Processing step: IDEDistributionAppThinningStep
2023-01-10 07:15:41 +0000  Skipping step: IDEDistributionAppThinningStep because it said so
2023-01-10 07:15:41 +0000  Processing step: IDEDistributionArchThinningStep
2023-01-10 07:15:41 +0000  Running /Applications/Xcode.app/Contents/Developer/Toolchains/XcodeDefault.xctoolchain/usr/bin/lipo '/var/folders/g2/d727zpjx6_13bjxzzcl2kbxc0000gn/T/XcodeDistPipeline.~~~S0IVTY/Root/Payload/SYFC.app/Frameworks/FBLPromises.framework/FBLPromises' '-verify_arch' 'arm64e'
2023-01-10 07:15:41 +0000  /Applications/Xcode.app/Contents/Developer/Toolchains/XcodeDefault.xctoolchain/usr/bin/lipo exited with 1
2023-01-10 07:15:41 +0000  Skipping architecture thinning for item "FBLPromises" because arch "arm64e" wasn't found
2023-01-10 07:15:41 +0000  Running /Applications/Xcode.app/Contents/Developer/Toolchains/XcodeDefault.xctoolchain/usr/bin/lipo '/var/folders/g2/d727zpjx6_13bjxzzcl2kbxc0000gn/T/XcodeDistPipeline.~~~S0IVTY/Root/Payload/SYFC.app/Frameworks/FirebaseCore.framework/FirebaseCore' '-verify_arch' 'arm64e'
2023-01-10 07:15:41 +0000  /Applications/Xcode.app/Contents/Developer/Toolchains/XcodeDefault.xctoolchain/usr/bin/lipo exited with 1
2023-01-10 07:15:41 +0000  Skipping architecture thinning for item "FirebaseCore" because arch "arm64e" wasn't found
2023-01-10 07:15:41 +0000  Running /Applications/Xcode.app/Contents/Developer/Toolchains/XcodeDefault.xctoolchain/usr/bin/lipo '/var/folders/g2/d727zpjx6_13bjxzzcl2kbxc0000gn/T/XcodeDistPipeline.~~~S0IVTY/Root/Payload/SYFC.app/Frameworks/FirebaseCoreInternal.framework/FirebaseCoreInternal' '-verify_arch' 'arm64e'
2023-01-10 07:15:41 +0000  /Applications/Xcode.app/Contents/Developer/Toolchains/XcodeDefault.xctoolchain/usr/bin/lipo exited with 1
2023-01-10 07:15:41 +0000  Skipping architecture thinning for item "FirebaseCoreInternal" because arch "arm64e" wasn't found
2023-01-10 07:15:41 +0000  Running /Applications/Xcode.app/Contents/Developer/Toolchains/XcodeDefault.xctoolchain/usr/bin/lipo '/var/folders/g2/d727zpjx6_13bjxzzcl2kbxc0000gn/T/XcodeDistPipeline.~~~S0IVTY/Root/Payload/SYFC.app/Frameworks/FirebaseInstallations.framework/FirebaseInstallations' '-verify_arch' 'arm64e'
2023-01-10 07:15:41 +0000  /Applications/Xcode.app/Contents/Developer/Toolchains/XcodeDefault.xctoolchain/usr/bin/lipo exited with 1
2023-01-10 07:15:41 +0000  Skipping architecture thinning for item "FirebaseInstallations" because arch "arm64e" wasn't found
2023-01-10 07:15:41 +0000  Running /Applications/Xcode.app/Contents/Developer/Toolchains/XcodeDefault.xctoolchain/usr/bin/lipo '/var/folders/g2/d727zpjx6_13bjxzzcl2kbxc0000gn/T/XcodeDistPipeline.~~~S0IVTY/Root/Payload/SYFC.app/Frameworks/GoogleUtilities.framework/GoogleUtilities' '-verify_arch' 'arm64e'
2023-01-10 07:15:41 +0000  /Applications/Xcode.app/Contents/Developer/Toolchains/XcodeDefault.xctoolchain/usr/bin/lipo exited with 1
2023-01-10 07:15:41 +0000  Skipping architecture thinning for item "GoogleUtilities" because arch "arm64e" wasn't found
2023-01-10 07:15:41 +0000  Running /Applications/Xcode.app/Contents/Developer/Toolchains/XcodeDefault.xctoolchain/usr/bin/lipo '/var/folders/g2/d727zpjx6_13bjxzzcl2kbxc0000gn/T/XcodeDistPipeline.~~~S0IVTY/Root/Payload/SYFC.app/Frameworks/Promise.framework/Promise' '-verify_arch' 'arm64e'
2023-01-10 07:15:41 +0000  /Applications/Xcode.app/Contents/Developer/Toolchains/XcodeDefault.xctoolchain/usr/bin/lipo exited with 1
2023-01-10 07:15:41 +0000  Skipping architecture thinning for item "Promise" because arch "arm64e" wasn't found
2023-01-10 07:15:41 +0000  Running /Applications/Xcode.app/Contents/Developer/Toolchains/XcodeDefault.xctoolchain/usr/bin/lipo '/var/folders/g2/d727zpjx6_13bjxzzcl2kbxc0000gn/T/XcodeDistPipeline.~~~S0IVTY/Root/Payload/SYFC.app/Frameworks/nanopb.framework/nanopb' '-verify_arch' 'arm64e'
2023-01-10 07:15:41 +0000  /Applications/Xcode.app/Contents/Developer/Toolchains/XcodeDefault.xctoolchain/usr/bin/lipo exited with 1
2023-01-10 07:15:41 +0000  Skipping architecture thinning for item "nanopb" because arch "arm64e" wasn't found
2023-01-10 07:15:41 +0000  Running /Applications/Xcode.app/Contents/Developer/Toolchains/XcodeDefault.xctoolchain/usr/bin/lipo '/var/folders/g2/d727zpjx6_13bjxzzcl2kbxc0000gn/T/XcodeDistPipeline.~~~S0IVTY/Root/Payload/SYFC.app/SYFC' '-verify_arch' 'arm64e'
2023-01-10 07:15:41 +0000  /Applications/Xcode.app/Contents/Developer/Toolchains/XcodeDefault.xctoolchain/usr/bin/lipo exited with 1
2023-01-10 07:15:41 +0000  Skipping architecture thinning for item "SYFC" because arch "arm64e" wasn't found
2023-01-10 07:15:41 +0000  Processing step: IDEDistributionODRStep
2023-01-10 07:15:41 +0000  Processing step: IDEDistributionStripXattrsStep
2023-01-10 07:15:41 +0000  Skipping stripping extended attributes of item: <IDEDistributionItem: 0x6000a2fc8780; bundleID='org.cocoapods.FBLPromises', path='<DVTFilePath:0x6000521a28b0:'/Users/parthibanchristopher/Library/Developer/Xcode/Archives/2023-01-10/syfc 10-1-23, 3.12 PM.xcarchive/Products/Applications/SYFC.app/Frameworks/FBLPromises.framework'>', codeSigningInfo='<_DVTCodeSigningInformation_Path: 0x6000e2ab2710; isSigned='1', isAdHocSigned='0', signingCertificate='<DVTSigningCertificate: 0x60001fdea260; name='Apple Development: Wayne Ong (R97PA3P7Z9)', hash='1503AF78DD15A63F3153FCFB8A507997A052270F', serialNumber='685E4B043D63C57627A83E1B3067E854', certificateKinds='(
    "1.2.840.113635.100.6.1.12",
    "1.2.840.113635.100.6.1.2"
), issueDate='2022-12-05 14:30:19 +0000''>', entitlements='(null)', teamID='4F6LM54QKY', identifier='org.cocoapods.FBLPromises', executablePath='<DVTFilePath:0x60005219ce70:'/Users/parthibanchristopher/Library/Developer/Xcode/Archives/2023-01-10/syfc 10-1-23, 3.12 PM.xcarchive/Products/Applications/SYFC.app/Frameworks/FBLPromises.framework/FBLPromises'>', hardenedRuntime='0'>'>
2023-01-10 07:15:41 +0000  Skipping stripping extended attributes of item: <IDEDistributionItem: 0x6000a2fc82a0; bundleID='org.cocoapods.FirebaseCore', path='<DVTFilePath:0x60005219c150:'/Users/parthibanchristopher/Library/Developer/Xcode/Archives/2023-01-10/syfc 10-1-23, 3.12 PM.xcarchive/Products/Applications/SYFC.app/Frameworks/FirebaseCore.framework'>', codeSigningInfo='<_DVTCodeSigningInformation_Path: 0x6000e2ab2e40; isSigned='1', isAdHocSigned='0', signingCertificate='<DVTSigningCertificate: 0x60001fdea260; name='Apple Development: Wayne Ong (R97PA3P7Z9)', hash='1503AF78DD15A63F3153FCFB8A507997A052270F', serialNumber='685E4B043D63C57627A83E1B3067E854', certificateKinds='(
    "1.2.840.113635.100.6.1.12",
    "1.2.840.113635.100.6.1.2"
), issueDate='2022-12-05 14:30:19 +0000''>', entitlements='(null)', teamID='4F6LM54QKY', identifier='org.cocoapods.FirebaseCore', executablePath='<DVTFilePath:0x6000521a2920:'/Users/parthibanchristopher/Library/Developer/Xcode/Archives/2023-01-10/syfc 10-1-23, 3.12 PM.xcarchive/Products/Applications/SYFC.app/Frameworks/FirebaseCore.framework/FirebaseCore'>', hardenedRuntime='0'>'>
2023-01-10 07:15:41 +0000  Skipping stripping extended attributes of item: <IDEDistributionItem: 0x6000a2fc90e0; bundleID='org.cocoapods.FirebaseCoreInternal', path='<DVTFilePath:0x60004e5a0100:'/Users/parthibanchristopher/Library/Developer/Xcode/Archives/2023-01-10/syfc 10-1-23, 3.12 PM.xcarchive/Products/Applications/SYFC.app/Frameworks/FirebaseCoreInternal.framework'>', codeSigningInfo='<_DVTCodeSigningInformation_Path: 0x6000e2bd6440; isSigned='1', isAdHocSigned='0', signingCertificate='<DVTSigningCertificate: 0x60001fdea260; name='Apple Development: Wayne Ong (R97PA3P7Z9)', hash='1503AF78DD15A63F3153FCFB8A507997A052270F', serialNumber='685E4B043D63C57627A83E1B3067E854', certificateKinds='(
    "1.2.840.113635.100.6.1.12",
    "1.2.840.113635.100.6.1.2"
), issueDate='2022-12-05 14:30:19 +0000''>', entitlements='(null)', teamID='4F6LM54QKY', identifier='org.cocoapods.FirebaseCoreInternal', executablePath='<DVTFilePath:0x60005219ea70:'/Users/parthibanchristopher/Library/Developer/Xcode/Archives/2023-01-10/syfc 10-1-23, 3.12 PM.xcarchive/Products/Applications/SYFC.app/Frameworks/FirebaseCoreInternal.framework/FirebaseCoreInternal'>', hardenedRuntime='0'>'>
2023-01-10 07:15:41 +0000  Skipping stripping extended attributes of item: <IDEDistributionItem: 0x60009efe1380; bundleID='org.cocoapods.FirebaseInstallations', path='<DVTFilePath:0x60004e5a3080:'/Users/parthibanchristopher/Library/Developer/Xcode/Archives/2023-01-10/syfc 10-1-23, 3.12 PM.xcarchive/Products/Applications/SYFC.app/Frameworks/FirebaseInstallations.framework'>', codeSigningInfo='<_DVTCodeSigningInformation_Path: 0x6000e2ab3bb0; isSigned='1', isAdHocSigned='0', signingCertificate='<DVTSigningCertificate: 0x60001fdea260; name='Apple Development: Wayne Ong (R97PA3P7Z9)', hash='1503AF78DD15A63F3153FCFB8A507997A052270F', serialNumber='685E4B043D63C57627A83E1B3067E854', certificateKinds='(
    "1.2.840.113635.100.6.1.12",
    "1.2.840.113635.100.6.1.2"
), issueDate='2022-12-05 14:30:19 +0000''>', entitlements='(null)', teamID='4F6LM54QKY', identifier='org.cocoapods.FirebaseInstallations', executablePath='<DVTFilePath:0x600052193bf0:'/Users/parthibanchristopher/Library/Developer/Xcode/Archives/2023-01-10/syfc 10-1-23, 3.12 PM.xcarchive/Products/Applications/SYFC.app/Frameworks/FirebaseInstallations.framework/FirebaseInstallations'>', hardenedRuntime='0'>'>
2023-01-10 07:15:41 +0000  Skipping stripping extended attributes of item: <IDEDistributionItem: 0x60009efe3300; bundleID='org.cocoapods.GoogleUtilities', path='<DVTFilePath:0x60004e5a3a00:'/Users/parthibanchristopher/Library/Developer/Xcode/Archives/2023-01-10/syfc 10-1-23, 3.12 PM.xcarchive/Products/Applications/SYFC.app/Frameworks/GoogleUtilities.framework'>', codeSigningInfo='<_DVTCodeSigningInformation_Path: 0x6000e2bd5fe0; isSigned='1', isAdHocSigned='0', signingCertificate='<DVTSigningCertificate: 0x60001fdea260; name='Apple Development: Wayne Ong (R97PA3P7Z9)', hash='1503AF78DD15A63F3153FCFB8A507997A052270F', serialNumber='685E4B043D63C57627A83E1B3067E854', certificateKinds='(
    "1.2.840.113635.100.6.1.12",
    "1.2.840.113635.100.6.1.2"
), issueDate='2022-12-05 14:30:19 +0000''>', entitlements='(null)', teamID='4F6LM54QKY', identifier='org.cocoapods.GoogleUtilities', executablePath='<DVTFilePath:0x6000521a48c0:'/Users/parthibanchristopher/Library/Developer/Xcode/Archives/2023-01-10/syfc 10-1-23, 3.12 PM.xcarchive/Products/Applications/SYFC.app/Frameworks/GoogleUtilities.framework/GoogleUtilities'>', hardenedRuntime='0'>'>
2023-01-10 07:15:41 +0000  Skipping stripping extended attributes of item: <IDEDistributionItem: 0x6000a2ff7f60; bundleID='org.cocoapods.Promise', path='<DVTFilePath:0x60005219cee0:'/Users/parthibanchristopher/Library/Developer/Xcode/Archives/2023-01-10/syfc 10-1-23, 3.12 PM.xcarchive/Products/Applications/SYFC.app/Frameworks/Promise.framework'>', codeSigningInfo='<_DVTCodeSigningInformation_Path: 0x6000aec87c50; isSigned='1', isAdHocSigned='0', signingCertificate='<DVTSigningCertificate: 0x60001fdea260; name='Apple Development: Wayne Ong (R97PA3P7Z9)', hash='1503AF78DD15A63F3153FCFB8A507997A052270F', serialNumber='685E4B043D63C57627A83E1B3067E854', certificateKinds='(
    "1.2.840.113635.100.6.1.12",
    "1.2.840.113635.100.6.1.2"
), issueDate='2022-12-05 14:30:19 +0000''>', entitlements='(null)', teamID='4F6LM54QKY', identifier='org.cocoapods.Promise', executablePath='<DVTFilePath:0x60009ef45920:'/Users/parthibanchristopher/Library/Developer/Xcode/Archives/2023-01-10/syfc 10-1-23, 3.12 PM.xcarchive/Products/Applications/SYFC.app/Frameworks/Promise.framework/Promise'>', hardenedRuntime='0'>'>
2023-01-10 07:15:41 +0000  Skipping stripping extended attributes of item: <IDEDistributionItem: 0x6000a2fc8d80; bundleID='org.cocoapods.nanopb', path='<DVTFilePath:0x60005219cc40:'/Users/parthibanchristopher/Library/Developer/Xcode/Archives/2023-01-10/syfc 10-1-23, 3.12 PM.xcarchive/Products/Applications/SYFC.app/Frameworks/nanopb.framework'>', codeSigningInfo='<_DVTCodeSigningInformation_Path: 0x6000e2bd62b0; isSigned='1', isAdHocSigned='0', signingCertificate='<DVTSigningCertificate: 0x60001fd87180; name='Apple Development: Wayne Ong (R97PA3P7Z9)', hash='1503AF78DD15A63F3153FCFB8A507997A052270F', serialNumber='685E4B043D63C57627A83E1B3067E854', certificateKinds='(
    "1.2.840.113635.100.6.1.12",
    "1.2.840.113635.100.6.1.2"
), issueDate='2022-12-05 14:30:19 +0000''>', entitlements='(null)', teamID='4F6LM54QKY', identifier='org.cocoapods.nanopb', executablePath='<DVTFilePath:0x6000a2fcca80:'/Users/parthibanchristopher/Library/Developer/Xcode/Archives/2023-01-10/syfc 10-1-23, 3.12 PM.xcarchive/Products/Applications/SYFC.app/Frameworks/nanopb.framework/nanopb'>', hardenedRuntime='0'>'>
2023-01-10 07:15:41 +0000  Running /usr/bin/xattr '-crs' '/var/folders/g2/d727zpjx6_13bjxzzcl2kbxc0000gn/T/XcodeDistPipeline.~~~S0IVTY/Root/Payload/SYFC.app'
2023-01-10 07:15:41 +0000  /usr/bin/xattr exited with 0
2023-01-10 07:15:41 +0000  Processing step: IDEDistributionCodesignStep
2023-01-10 07:15:41 +0000  Entitlements for <IDEDistributionItem: 0x6000a2fc8780; bundleID='org.cocoapods.FBLPromises', path='<DVTFilePath:0x6000521a28b0:'/Users/parthibanchristopher/Library/Developer/Xcode/Archives/2023-01-10/syfc 10-1-23, 3.12 PM.xcarchive/Products/Applications/SYFC.app/Frameworks/FBLPromises.framework'>', codeSigningInfo='<_DVTCodeSigningInformation_Path: 0x6000e2ab2710; isSigned='1', isAdHocSigned='0', signingCertificate='<DVTSigningCertificate: 0x60001fdea260; name='Apple Development: Wayne Ong (R97PA3P7Z9)', hash='1503AF78DD15A63F3153FCFB8A507997A052270F', serialNumber='685E4B043D63C57627A83E1B3067E854', certificateKinds='(
    "1.2.840.113635.100.6.1.12",
    "1.2.840.113635.100.6.1.2"
), issueDate='2022-12-05 14:30:19 +0000''>', entitlements='(null)', teamID='4F6LM54QKY', identifier='org.cocoapods.FBLPromises', executablePath='<DVTFilePath:0x60005219ce70:'/Users/parthibanchristopher/Library/Developer/Xcode/Archives/2023-01-10/syfc 10-1-23, 3.12 PM.xcarchive/Products/Applications/SYFC.app/Frameworks/FBLPromises.framework/FBLPromises'>', hardenedRuntime='0'>'>: {
}
2023-01-10 07:15:41 +0000  Entitlements for <IDEDistributionItem: 0x6000a2fc8780; bundleID='org.cocoapods.FBLPromises', path='<DVTFilePath:0x6000521a28b0:'/Users/parthibanchristopher/Library/Developer/Xcode/Archives/2023-01-10/syfc 10-1-23, 3.12 PM.xcarchive/Products/Applications/SYFC.app/Frameworks/FBLPromises.framework'>', codeSigningInfo='<_DVTCodeSigningInformation_Path: 0x6000e2ab2710; isSigned='1', isAdHocSigned='0', signingCertificate='<DVTSigningCertificate: 0x60001fdeb2e0; name='Apple Development: Wayne Ong (R97PA3P7Z9)', hash='1503AF78DD15A63F3153FCFB8A507997A052270F', serialNumber='685E4B043D63C57627A83E1B3067E854', certificateKinds='(
    "1.2.840.113635.100.6.1.12",
    "1.2.840.113635.100.6.1.2"
), issueDate='2022-12-05 14:30:19 +0000''>', entitlements='(null)', teamID='4F6LM54QKY', identifier='org.cocoapods.FBLPromises', executablePath='<DVTFilePath:0x60005219ce70:'/Users/parthibanchristopher/Library/Developer/Xcode/Archives/2023-01-10/syfc 10-1-23, 3.12 PM.xcarchive/Products/Applications/SYFC.app/Frameworks/FBLPromises.framework/FBLPromises'>', hardenedRuntime='0'>'> are: {
}
2023-01-10 07:15:41 +0000  Writing entitlements for <IDEDistributionItem: 0x6000a2fc8780; bundleID='org.cocoapods.FBLPromises', path='<DVTFilePath:0x6000521a28b0:'/Users/parthibanchristopher/Library/Developer/Xcode/Archives/2023-01-10/syfc 10-1-23, 3.12 PM.xcarchive/Products/Applications/SYFC.app/Frameworks/FBLPromises.framework'>', codeSigningInfo='<_DVTCodeSigningInformation_Path: 0x6000e2ab2710; isSigned='1', isAdHocSigned='0', signingCertificate='<DVTSigningCertificate: 0x60001fde82c0; name='Apple Development: Wayne Ong (R97PA3P7Z9)', hash='1503AF78DD15A63F3153FCFB8A507997A052270F', serialNumber='685E4B043D63C57627A83E1B3067E854', certificateKinds='(
    "1.2.840.113635.100.6.1.12",
    "1.2.840.113635.100.6.1.2"
), issueDate='2022-12-05 14:30:19 +0000''>', entitlements='(null)', teamID='4F6LM54QKY', identifier='org.cocoapods.FBLPromises', executablePath='<DVTFilePath:0x60005219ce70:'/Users/parthibanchristopher/Library/Developer/Xcode/Archives/2023-01-10/syfc 10-1-23, 3.12 PM.xcarchive/Products/Applications/SYFC.app/Frameworks/FBLPromises.framework/FBLPromises'>', hardenedRuntime='0'>'> to: /var/folders/g2/d727zpjx6_13bjxzzcl2kbxc0000gn/T/XcodeDistPipeline.~~~S0IVTY/entitlements~~~KfeDzk
2023-01-10 07:15:41 +0000  Running /usr/bin/codesign '-vvv' '--force' '--sign' '1503AF78DD15A63F3153FCFB8A507997A052270F' '--entitlements' '/var/folders/g2/d727zpjx6_13bjxzzcl2kbxc0000gn/T/XcodeDistPipeline.~~~S0IVTY/entitlements~~~KfeDzk' '--generate-entitlement-der' '--preserve-metadata=identifier,flags,runtime' '/var/folders/g2/d727zpjx6_13bjxzzcl2kbxc0000gn/T/XcodeDistPipeline.~~~S0IVTY/Root/Payload/SYFC.app/Frameworks/FBLPromises.framework'
2023-01-10 07:15:42 +0000  /var/folders/g2/d727zpjx6_13bjxzzcl2kbxc0000gn/T/XcodeDistPipeline.~~~S0IVTY/Root/Payload/SYFC.app/Frameworks/FBLPromises.framework: replacing existing signature
2023-01-10 07:15:42 +0000  /var/folders/g2/d727zpjx6_13bjxzzcl2kbxc0000gn/T/XcodeDistPipeline.~~~S0IVTY/Root/Payload/SYFC.app/Frameworks/FBLPromises.framework: signed bundle with Mach-O thin (arm64) [org.cocoapods.FBLPromises]
2023-01-10 07:15:42 +0000  /usr/bin/codesign exited with 0
2023-01-10 07:15:42 +0000  Entitlements for <IDEDistributionItem: 0x6000a2fc82a0; bundleID='org.cocoapods.FirebaseCore', path='<DVTFilePath:0x60005219c150:'/Users/parthibanchristopher/Library/Developer/Xcode/Archives/2023-01-10/syfc 10-1-23, 3.12 PM.xcarchive/Products/Applications/SYFC.app/Frameworks/FirebaseCore.framework'>', codeSigningInfo='<_DVTCodeSigningInformation_Path: 0x6000e2ab2e40; isSigned='1', isAdHocSigned='0', signingCertificate='<DVTSigningCertificate: 0x60001fdea260; name='Apple Development: Wayne Ong (R97PA3P7Z9)', hash='1503AF78DD15A63F3153FCFB8A507997A052270F', serialNumber='685E4B043D63C57627A83E1B3067E854', certificateKinds='(
    "1.2.840.113635.100.6.1.12",
    "1.2.840.113635.100.6.1.2"
), issueDate='2022-12-05 14:30:19 +0000''>', entitlements='(null)', teamID='4F6LM54QKY', identifier='org.cocoapods.FirebaseCore', executablePath='<DVTFilePath:0x6000521a2920:'/Users/parthibanchristopher/Library/Developer/Xcode/Archives/2023-01-10/syfc 10-1-23, 3.12 PM.xcarchive/Products/Applications/SYFC.app/Frameworks/FirebaseCore.framework/FirebaseCore'>', hardenedRuntime='0'>'>: {
}
2023-01-10 07:15:42 +0000  Entitlements for <IDEDistributionItem: 0x6000a2fc82a0; bundleID='org.cocoapods.FirebaseCore', path='<DVTFilePath:0x60005219c150:'/Users/parthibanchristopher/Library/Developer/Xcode/Archives/2023-01-10/syfc 10-1-23, 3.12 PM.xcarchive/Products/Applications/SYFC.app/Frameworks/FirebaseCore.framework'>', codeSigningInfo='<_DVTCodeSigningInformation_Path: 0x6000e2ab2e40; isSigned='1', isAdHocSigned='0', signingCertificate='<DVTSigningCertificate: 0x60001bd40370; name='Apple Development: Wayne Ong (R97PA3P7Z9)', hash='1503AF78DD15A63F3153FCFB8A507997A052270F', serialNumber='685E4B043D63C57627A83E1B3067E854', certificateKinds='(
    "1.2.840.113635.100.6.1.12",
    "1.2.840.113635.100.6.1.2"
), issueDate='2022-12-05 14:30:19 +0000''>', entitlements='(null)', teamID='4F6LM54QKY', identifier='org.cocoapods.FirebaseCore', executablePath='<DVTFilePath:0x6000521a2920:'/Users/parthibanchristopher/Library/Developer/Xcode/Archives/2023-01-10/syfc 10-1-23, 3.12 PM.xcarchive/Products/Applications/SYFC.app/Frameworks/FirebaseCore.framework/FirebaseCore'>', hardenedRuntime='0'>'> are: {
}
2023-01-10 07:15:42 +0000  Writing entitlements for <IDEDistributionItem: 0x6000a2fc82a0; bundleID='org.cocoapods.FirebaseCore', path='<DVTFilePath:0x60005219c150:'/Users/parthibanchristopher/Library/Developer/Xcode/Archives/2023-01-10/syfc 10-1-23, 3.12 PM.xcarchive/Products/Applications/SYFC.app/Frameworks/FirebaseCore.framework'>', codeSigningInfo='<_DVTCodeSigningInformation_Path: 0x6000e2ab2e40; isSigned='1', isAdHocSigned='0', signingCertificate='<DVTSigningCertificate: 0x60001fd80630; name='Apple Development: Wayne Ong (R97PA3P7Z9)', hash='1503AF78DD15A63F3153FCFB8A507997A052270F', serialNumber='685E4B043D63C57627A83E1B3067E854', certificateKinds='(
    "1.2.840.113635.100.6.1.12",
    "1.2.840.113635.100.6.1.2"
), issueDate='2022-12-05 14:30:19 +0000''>', entitlements='(null)', teamID='4F6LM54QKY', identifier='org.cocoapods.FirebaseCore', executablePath='<DVTFilePath:0x6000521a2920:'/Users/parthibanchristopher/Library/Developer/Xcode/Archives/2023-01-10/syfc 10-1-23, 3.12 PM.xcarchive/Products/Applications/SYFC.app/Frameworks/FirebaseCore.framework/FirebaseCore'>', hardenedRuntime='0'>'> to: /var/folders/g2/d727zpjx6_13bjxzzcl2kbxc0000gn/T/XcodeDistPipeline.~~~S0IVTY/entitlements~~~oHIFyd
2023-01-10 07:15:42 +0000  Running /usr/bin/codesign '-vvv' '--force' '--sign' '1503AF78DD15A63F3153FCFB8A507997A052270F' '--entitlements' '/var/folders/g2/d727zpjx6_13bjxzzcl2kbxc0000gn/T/XcodeDistPipeline.~~~S0IVTY/entitlements~~~oHIFyd' '--generate-entitlement-der' '--preserve-metadata=identifier,flags,runtime' '/var/folders/g2/d727zpjx6_13bjxzzcl2kbxc0000gn/T/XcodeDistPipeline.~~~S0IVTY/Root/Payload/SYFC.app/Frameworks/FirebaseCore.framework'
2023-01-10 07:15:42 +0000  /var/folders/g2/d727zpjx6_13bjxzzcl2kbxc0000gn/T/XcodeDistPipeline.~~~S0IVTY/Root/Payload/SYFC.app/Frameworks/FirebaseCore.framework: replacing existing signature
2023-01-10 07:15:42 +0000  /var/folders/g2/d727zpjx6_13bjxzzcl2kbxc0000gn/T/XcodeDistPipeline.~~~S0IVTY/Root/Payload/SYFC.app/Frameworks/FirebaseCore.framework: signed bundle with Mach-O thin (arm64) [org.cocoapods.FirebaseCore]
2023-01-10 07:15:42 +0000  /usr/bin/codesign exited with 0
2023-01-10 07:15:42 +0000  Entitlements for <IDEDistributionItem: 0x6000a2fc90e0; bundleID='org.cocoapods.FirebaseCoreInternal', path='<DVTFilePath:0x60004e5a0100:'/Users/parthibanchristopher/Library/Developer/Xcode/Archives/2023-01-10/syfc 10-1-23, 3.12 PM.xcarchive/Products/Applications/SYFC.app/Frameworks/FirebaseCoreInternal.framework'>', codeSigningInfo='<_DVTCodeSigningInformation_Path: 0x6000e2bd6440; isSigned='1', isAdHocSigned='0', signingCertificate='<DVTSigningCertificate: 0x60001fd80630; name='Apple Development: Wayne Ong (R97PA3P7Z9)', hash='1503AF78DD15A63F3153FCFB8A507997A052270F', serialNumber='685E4B043D63C57627A83E1B3067E854', certificateKinds='(
    "1.2.840.113635.100.6.1.12",
    "1.2.840.113635.100.6.1.2"
), issueDate='2022-12-05 14:30:19 +0000''>', entitlements='(null)', teamID='4F6LM54QKY', identifier='org.cocoapods.FirebaseCoreInternal', executablePath='<DVTFilePath:0x60005219ea70:'/Users/parthibanchristopher/Library/Developer/Xcode/Archives/2023-01-10/syfc 10-1-23, 3.12 PM.xcarchive/Products/Applications/SYFC.app/Frameworks/FirebaseCoreInternal.framework/FirebaseCoreInternal'>', hardenedRuntime='0'>'>: {
}
2023-01-10 07:15:42 +0000  Entitlements for <IDEDistributionItem: 0x6000a2fc90e0; bundleID='org.cocoapods.FirebaseCoreInternal', path='<DVTFilePath:0x60004e5a0100:'/Users/parthibanchristopher/Library/Developer/Xcode/Archives/2023-01-10/syfc 10-1-23, 3.12 PM.xcarchive/Products/Applications/SYFC.app/Frameworks/FirebaseCoreInternal.framework'>', codeSigningInfo='<_DVTCodeSigningInformation_Path: 0x6000e2bd6440; isSigned='1', isAdHocSigned='0', signingCertificate='<DVTSigningCertificate: 0x60001fd80790; name='Apple Development: Wayne Ong (R97PA3P7Z9)', hash='1503AF78DD15A63F3153FCFB8A507997A052270F', serialNumber='685E4B043D63C57627A83E1B3067E854', certificateKinds='(
    "1.2.840.113635.100.6.1.12",
    "1.2.840.113635.100.6.1.2"
), issueDate='2022-12-05 14:30:19 +0000''>', entitlements='(null)', teamID='4F6LM54QKY', identifier='org.cocoapods.FirebaseCoreInternal', executablePath='<DVTFilePath:0x60005219ea70:'/Users/parthibanchristopher/Library/Developer/Xcode/Archives/2023-01-10/syfc 10-1-23, 3.12 PM.xcarchive/Products/Applications/SYFC.app/Frameworks/FirebaseCoreInternal.framework/FirebaseCoreInternal'>', hardenedRuntime='0'>'> are: {
}
2023-01-10 07:15:42 +0000  Writing entitlements for <IDEDistributionItem: 0x6000a2fc90e0; bundleID='org.cocoapods.FirebaseCoreInternal', path='<DVTFilePath:0x60004e5a0100:'/Users/parthibanchristopher/Library/Developer/Xcode/Archives/2023-01-10/syfc 10-1-23, 3.12 PM.xcarchive/Products/Applications/SYFC.app/Frameworks/FirebaseCoreInternal.framework'>', codeSigningInfo='<_DVTCodeSigningInformation_Path: 0x6000e2bd6440; isSigned='1', isAdHocSigned='0', signingCertificate='<DVTSigningCertificate: 0x60001bd402c0; name='Apple Development: Wayne Ong (R97PA3P7Z9)', hash='1503AF78DD15A63F3153FCFB8A507997A052270F', serialNumber='685E4B043D63C57627A83E1B3067E854', certificateKinds='(
    "1.2.840.113635.100.6.1.12",
    "1.2.840.113635.100.6.1.2"
), issueDate='2022-12-05 14:30:19 +0000''>', entitlements='(null)', teamID='4F6LM54QKY', identifier='org.cocoapods.FirebaseCoreInternal', executablePath='<DVTFilePath:0x60005219ea70:'/Users/parthibanchristopher/Library/Developer/Xcode/Archives/2023-01-10/syfc 10-1-23, 3.12 PM.xcarchive/Products/Applications/SYFC.app/Frameworks/FirebaseCoreInternal.framework/FirebaseCoreInternal'>', hardenedRuntime='0'>'> to: /var/folders/g2/d727zpjx6_13bjxzzcl2kbxc0000gn/T/XcodeDistPipeline.~~~S0IVTY/entitlements~~~W9kzIm
2023-01-10 07:15:42 +0000  Running /usr/bin/codesign '-vvv' '--force' '--sign' '1503AF78DD15A63F3153FCFB8A507997A052270F' '--entitlements' '/var/folders/g2/d727zpjx6_13bjxzzcl2kbxc0000gn/T/XcodeDistPipeline.~~~S0IVTY/entitlements~~~W9kzIm' '--generate-entitlement-der' '--preserve-metadata=identifier,flags,runtime' '/var/folders/g2/d727zpjx6_13bjxzzcl2kbxc0000gn/T/XcodeDistPipeline.~~~S0IVTY/Root/Payload/SYFC.app/Frameworks/FirebaseCoreInternal.framework'
2023-01-10 07:15:42 +0000  /var/folders/g2/d727zpjx6_13bjxzzcl2kbxc0000gn/T/XcodeDistPipeline.~~~S0IVTY/Root/Payload/SYFC.app/Frameworks/FirebaseCoreInternal.framework: replacing existing signature
2023-01-10 07:15:42 +0000  /var/folders/g2/d727zpjx6_13bjxzzcl2kbxc0000gn/T/XcodeDistPipeline.~~~S0IVTY/Root/Payload/SYFC.app/Frameworks/FirebaseCoreInternal.framework: signed bundle with Mach-O thin (arm64) [org.cocoapods.FirebaseCoreInternal]
2023-01-10 07:15:42 +0000  /usr/bin/codesign exited with 0
2023-01-10 07:15:42 +0000  Entitlements for <IDEDistributionItem: 0x60009efe1380; bundleID='org.cocoapods.FirebaseInstallations', path='<DVTFilePath:0x60004e5a3080:'/Users/parthibanchristopher/Library/Developer/Xcode/Archives/2023-01-10/syfc 10-1-23, 3.12 PM.xcarchive/Products/Applications/SYFC.app/Frameworks/FirebaseInstallations.framework'>', codeSigningInfo='<_DVTCodeSigningInformation_Path: 0x6000e2ab3bb0; isSigned='1', isAdHocSigned='0', signingCertificate='<DVTSigningCertificate: 0x60001fd87180; name='Apple Development: Wayne Ong (R97PA3P7Z9)', hash='1503AF78DD15A63F3153FCFB8A507997A052270F', serialNumber='685E4B043D63C57627A83E1B3067E854', certificateKinds='(
    "1.2.840.113635.100.6.1.12",
    "1.2.840.113635.100.6.1.2"
), issueDate='2022-12-05 14:30:19 +0000''>', entitlements='(null)', teamID='4F6LM54QKY', identifier='org.cocoapods.FirebaseInstallations', executablePath='<DVTFilePath:0x600052193bf0:'/Users/parthibanchristopher/Library/Developer/Xcode/Archives/2023-01-10/syfc 10-1-23, 3.12 PM.xcarchive/Products/Applications/SYFC.app/Frameworks/FirebaseInstallations.framework/FirebaseInstallations'>', hardenedRuntime='0'>'>: {
}
2023-01-10 07:15:42 +0000  Entitlements for <IDEDistributionItem: 0x60009efe1380; bundleID='org.cocoapods.FirebaseInstallations', path='<DVTFilePath:0x60004e5a3080:'/Users/parthibanchristopher/Library/Developer/Xcode/Archives/2023-01-10/syfc 10-1-23, 3.12 PM.xcarchive/Products/Applications/SYFC.app/Frameworks/FirebaseInstallations.framework'>', codeSigningInfo='<_DVTCodeSigningInformation_Path: 0x6000e2ab3bb0; isSigned='1', isAdHocSigned='0', signingCertificate='<DVTSigningCertificate: 0x60001bd40370; name='Apple Development: Wayne Ong (R97PA3P7Z9)', hash='1503AF78DD15A63F3153FCFB8A507997A052270F', serialNumber='685E4B043D63C57627A83E1B3067E854', certificateKinds='(
    "1.2.840.113635.100.6.1.12",
    "1.2.840.113635.100.6.1.2"
), issueDate='2022-12-05 14:30:19 +0000''>', entitlements='(null)', teamID='4F6LM54QKY', identifier='org.cocoapods.FirebaseInstallations', executablePath='<DVTFilePath:0x600052193bf0:'/Users/parthibanchristopher/Library/Developer/Xcode/Archives/2023-01-10/syfc 10-1-23, 3.12 PM.xcarchive/Products/Applications/SYFC.app/Frameworks/FirebaseInstallations.framework/FirebaseInstallations'>', hardenedRuntime='0'>'> are: {
}
2023-01-10 07:15:42 +0000  Writing entitlements for <IDEDistributionItem: 0x60009efe1380; bundleID='org.cocoapods.FirebaseInstallations', path='<DVTFilePath:0x60004e5a3080:'/Users/parthibanchristopher/Library/Developer/Xcode/Archives/2023-01-10/syfc 10-1-23, 3.12 PM.xcarchive/Products/Applications/SYFC.app/Frameworks/FirebaseInstallations.framework'>', codeSigningInfo='<_DVTCodeSigningInformation_Path: 0x6000e2ab3bb0; isSigned='1', isAdHocSigned='0', signingCertificate='<DVTSigningCertificate: 0x60001fd875a0; name='Apple Development: Wayne Ong (R97PA3P7Z9)', hash='1503AF78DD15A63F3153FCFB8A507997A052270F', serialNumber='685E4B043D63C57627A83E1B3067E854', certificateKinds='(
    "1.2.840.113635.100.6.1.12",
    "1.2.840.113635.100.6.1.2"
), issueDate='2022-12-05 14:30:19 +0000''>', entitlements='(null)', teamID='4F6LM54QKY', identifier='org.cocoapods.FirebaseInstallations', executablePath='<DVTFilePath:0x600052193bf0:'/Users/parthibanchristopher/Library/Developer/Xcode/Archives/2023-01-10/syfc 10-1-23, 3.12 PM.xcarchive/Products/Applications/SYFC.app/Frameworks/FirebaseInstallations.framework/FirebaseInstallations'>', hardenedRuntime='0'>'> to: /var/folders/g2/d727zpjx6_13bjxzzcl2kbxc0000gn/T/XcodeDistPipeline.~~~S0IVTY/entitlements~~~yqRkpn
2023-01-10 07:15:42 +0000  Running /usr/bin/codesign '-vvv' '--force' '--sign' '1503AF78DD15A63F3153FCFB8A507997A052270F' '--entitlements' '/var/folders/g2/d727zpjx6_13bjxzzcl2kbxc0000gn/T/XcodeDistPipeline.~~~S0IVTY/entitlements~~~yqRkpn' '--generate-entitlement-der' '--preserve-metadata=identifier,flags,runtime' '/var/folders/g2/d727zpjx6_13bjxzzcl2kbxc0000gn/T/XcodeDistPipeline.~~~S0IVTY/Root/Payload/SYFC.app/Frameworks/FirebaseInstallations.framework'
2023-01-10 07:15:42 +0000  /var/folders/g2/d727zpjx6_13bjxzzcl2kbxc0000gn/T/XcodeDistPipeline.~~~S0IVTY/Root/Payload/SYFC.app/Frameworks/FirebaseInstallations.framework: replacing existing signature
2023-01-10 07:15:42 +0000  /var/folders/g2/d727zpjx6_13bjxzzcl2kbxc0000gn/T/XcodeDistPipeline.~~~S0IVTY/Root/Payload/SYFC.app/Frameworks/FirebaseInstallations.framework: signed bundle with Mach-O thin (arm64) [org.cocoapods.FirebaseInstallations]
2023-01-10 07:15:42 +0000  /usr/bin/codesign exited with 0
2023-01-10 07:15:42 +0000  Entitlements for <IDEDistributionItem: 0x60009efe3300; bundleID='org.cocoapods.GoogleUtilities', path='<DVTFilePath:0x60004e5a3a00:'/Users/parthibanchristopher/Library/Developer/Xcode/Archives/2023-01-10/syfc 10-1-23, 3.12 PM.xcarchive/Products/Applications/SYFC.app/Frameworks/GoogleUtilities.framework'>', codeSigningInfo='<_DVTCodeSigningInformation_Path: 0x6000e2bd5fe0; isSigned='1', isAdHocSigned='0', signingCertificate='<DVTSigningCertificate: 0x60001fd87180; name='Apple Development: Wayne Ong (R97PA3P7Z9)', hash='1503AF78DD15A63F3153FCFB8A507997A052270F', serialNumber='685E4B043D63C57627A83E1B3067E854', certificateKinds='(
    "1.2.840.113635.100.6.1.12",
    "1.2.840.113635.100.6.1.2"
), issueDate='2022-12-05 14:30:19 +0000''>', entitlements='(null)', teamID='4F6LM54QKY', identifier='org.cocoapods.GoogleUtilities', executablePath='<DVTFilePath:0x6000521a48c0:'/Users/parthibanchristopher/Library/Developer/Xcode/Archives/2023-01-10/syfc 10-1-23, 3.12 PM.xcarchive/Products/Applications/SYFC.app/Frameworks/GoogleUtilities.framework/GoogleUtilities'>', hardenedRuntime='0'>'>: {
}
2023-01-10 07:15:42 +0000  Entitlements for <IDEDistributionItem: 0x60009efe3300; bundleID='org.cocoapods.GoogleUtilities', path='<DVTFilePath:0x60004e5a3a00:'/Users/parthibanchristopher/Library/Developer/Xcode/Archives/2023-01-10/syfc 10-1-23, 3.12 PM.xcarchive/Products/Applications/SYFC.app/Frameworks/GoogleUtilities.framework'>', codeSigningInfo='<_DVTCodeSigningInformation_Path: 0x6000e2bd5fe0; isSigned='1', isAdHocSigned='0', signingCertificate='<DVTSigningCertificate: 0x60001fd874f0; name='Apple Development: Wayne Ong (R97PA3P7Z9)', hash='1503AF78DD15A63F3153FCFB8A507997A052270F', serialNumber='685E4B043D63C57627A83E1B3067E854', certificateKinds='(
    "1.2.840.113635.100.6.1.12",
    "1.2.840.113635.100.6.1.2"
), issueDate='2022-12-05 14:30:19 +0000''>', entitlements='(null)', teamID='4F6LM54QKY', identifier='org.cocoapods.GoogleUtilities', executablePath='<DVTFilePath:0x6000521a48c0:'/Users/parthibanchristopher/Library/Developer/Xcode/Archives/2023-01-10/syfc 10-1-23, 3.12 PM.xcarchive/Products/Applications/SYFC.app/Frameworks/GoogleUtilities.framework/GoogleUtilities'>', hardenedRuntime='0'>'> are: {
}
2023-01-10 07:15:42 +0000  Writing entitlements for <IDEDistributionItem: 0x60009efe3300; bundleID='org.cocoapods.GoogleUtilities', path='<DVTFilePath:0x60004e5a3a00:'/Users/parthibanchristopher/Library/Developer/Xcode/Archives/2023-01-10/syfc 10-1-23, 3.12 PM.xcarchive/Products/Applications/SYFC.app/Frameworks/GoogleUtilities.framework'>', codeSigningInfo='<_DVTCodeSigningInformation_Path: 0x6000e2bd5fe0; isSigned='1', isAdHocSigned='0', signingCertificate='<DVTSigningCertificate: 0x60001fd85290; name='Apple Development: Wayne Ong (R97PA3P7Z9)', hash='1503AF78DD15A63F3153FCFB8A507997A052270F', serialNumber='685E4B043D63C57627A83E1B3067E854', certificateKinds='(
    "1.2.840.113635.100.6.1.12",
    "1.2.840.113635.100.6.1.2"
), issueDate='2022-12-05 14:30:19 +0000''>', entitlements='(null)', teamID='4F6LM54QKY', identifier='org.cocoapods.GoogleUtilities', executablePath='<DVTFilePath:0x6000521a48c0:'/Users/parthibanchristopher/Library/Developer/Xcode/Archives/2023-01-10/syfc 10-1-23, 3.12 PM.xcarchive/Products/Applications/SYFC.app/Frameworks/GoogleUtilities.framework/GoogleUtilities'>', hardenedRuntime='0'>'> to: /var/folders/g2/d727zpjx6_13bjxzzcl2kbxc0000gn/T/XcodeDistPipeline.~~~S0IVTY/entitlements~~~4mMAPz
2023-01-10 07:15:42 +0000  Running /usr/bin/codesign '-vvv' '--force' '--sign' '1503AF78DD15A63F3153FCFB8A507997A052270F' '--entitlements' '/var/folders/g2/d727zpjx6_13bjxzzcl2kbxc0000gn/T/XcodeDistPipeline.~~~S0IVTY/entitlements~~~4mMAPz' '--generate-entitlement-der' '--preserve-metadata=identifier,flags,runtime' '/var/folders/g2/d727zpjx6_13bjxzzcl2kbxc0000gn/T/XcodeDistPipeline.~~~S0IVTY/Root/Payload/SYFC.app/Frameworks/GoogleUtilities.framework'
2023-01-10 07:15:42 +0000  /var/folders/g2/d727zpjx6_13bjxzzcl2kbxc0000gn/T/XcodeDistPipeline.~~~S0IVTY/Root/Payload/SYFC.app/Frameworks/GoogleUtilities.framework: replacing existing signature
2023-01-10 07:15:42 +0000  /var/folders/g2/d727zpjx6_13bjxzzcl2kbxc0000gn/T/XcodeDistPipeline.~~~S0IVTY/Root/Payload/SYFC.app/Frameworks/GoogleUtilities.framework: signed bundle with Mach-O thin (arm64) [org.cocoapods.GoogleUtilities]
2023-01-10 07:15:42 +0000  /usr/bin/codesign exited with 0
2023-01-10 07:15:42 +0000  Entitlements for <IDEDistributionItem: 0x6000a2ff7f60; bundleID='org.cocoapods.Promise', path='<DVTFilePath:0x60005219cee0:'/Users/parthibanchristopher/Library/Developer/Xcode/Archives/2023-01-10/syfc 10-1-23, 3.12 PM.xcarchive/Products/Applications/SYFC.app/Frameworks/Promise.framework'>', codeSigningInfo='<_DVTCodeSigningInformation_Path: 0x6000aec87c50; isSigned='1', isAdHocSigned='0', signingCertificate='<DVTSigningCertificate: 0x60001fdea260; name='Apple Development: Wayne Ong (R97PA3P7Z9)', hash='1503AF78DD15A63F3153FCFB8A507997A052270F', serialNumber='685E4B043D63C57627A83E1B3067E854', certificateKinds='(
    "1.2.840.113635.100.6.1.12",
    "1.2.840.113635.100.6.1.2"
), issueDate='2022-12-05 14:30:19 +0000''>', entitlements='(null)', teamID='4F6LM54QKY', identifier='org.cocoapods.Promise', executablePath='<DVTFilePath:0x60009ef45920:'/Users/parthibanchristopher/Library/Developer/Xcode/Archives/2023-01-10/syfc 10-1-23, 3.12 PM.xcarchive/Products/Applications/SYFC.app/Frameworks/Promise.framework/Promise'>', hardenedRuntime='0'>'>: {
}
2023-01-10 07:15:42 +0000  Entitlements for <IDEDistributionItem: 0x6000a2ff7f60; bundleID='org.cocoapods.Promise', path='<DVTFilePath:0x60005219cee0:'/Users/parthibanchristopher/Library/Developer/Xcode/Archives/2023-01-10/syfc 10-1-23, 3.12 PM.xcarchive/Products/Applications/SYFC.app/Frameworks/Promise.framework'>', codeSigningInfo='<_DVTCodeSigningInformation_Path: 0x6000aec87c50; isSigned='1', isAdHocSigned='0', signingCertificate='<DVTSigningCertificate: 0x60001bd40370; name='Apple Development: Wayne Ong (R97PA3P7Z9)', hash='1503AF78DD15A63F3153FCFB8A507997A052270F', serialNumber='685E4B043D63C57627A83E1B3067E854', certificateKinds='(
    "1.2.840.113635.100.6.1.12",
    "1.2.840.113635.100.6.1.2"
), issueDate='2022-12-05 14:30:19 +0000''>', entitlements='(null)', teamID='4F6LM54QKY', identifier='org.cocoapods.Promise', executablePath='<DVTFilePath:0x60009ef45920:'/Users/parthibanchristopher/Library/Developer/Xcode/Archives/2023-01-10/syfc 10-1-23, 3.12 PM.xcarchive/Products/Applications/SYFC.app/Frameworks/Promise.framework/Promise'>', hardenedRuntime='0'>'> are: {
}
2023-01-10 07:15:42 +0000  Writing entitlements for <IDEDistributionItem: 0x6000a2ff7f60; bundleID='org.cocoapods.Promise', path='<DVTFilePath:0x60005219cee0:'/Users/parthibanchristopher/Library/Developer/Xcode/Archives/2023-01-10/syfc 10-1-23, 3.12 PM.xcarchive/Products/Applications/SYFC.app/Frameworks/Promise.framework'>', codeSigningInfo='<_DVTCodeSigningInformation_Path: 0x6000aec87c50; isSigned='1', isAdHocSigned='0', signingCertificate='<DVTSigningCertificate: 0x60001bd42100; name='Apple Development: Wayne Ong (R97PA3P7Z9)', hash='1503AF78DD15A63F3153FCFB8A507997A052270F', serialNumber='685E4B043D63C57627A83E1B3067E854', certificateKinds='(
    "1.2.840.113635.100.6.1.12",
    "1.2.840.113635.100.6.1.2"
), issueDate='2022-12-05 14:30:19 +0000''>', entitlements='(null)', teamID='4F6LM54QKY', identifier='org.cocoapods.Promise', executablePath='<DVTFilePath:0x60009ef45920:'/Users/parthibanchristopher/Library/Developer/Xcode/Archives/2023-01-10/syfc 10-1-23, 3.12 PM.xcarchive/Products/Applications/SYFC.app/Frameworks/Promise.framework/Promise'>', hardenedRuntime='0'>'> to: /var/folders/g2/d727zpjx6_13bjxzzcl2kbxc0000gn/T/XcodeDistPipeline.~~~S0IVTY/entitlements~~~9T4bCi
2023-01-10 07:15:42 +0000  Running /usr/bin/codesign '-vvv' '--force' '--sign' '1503AF78DD15A63F3153FCFB8A507997A052270F' '--entitlements' '/var/folders/g2/d727zpjx6_13bjxzzcl2kbxc0000gn/T/XcodeDistPipeline.~~~S0IVTY/entitlements~~~9T4bCi' '--generate-entitlement-der' '--preserve-metadata=identifier,flags,runtime' '/var/folders/g2/d727zpjx6_13bjxzzcl2kbxc0000gn/T/XcodeDistPipeline.~~~S0IVTY/Root/Payload/SYFC.app/Frameworks/Promise.framework'
2023-01-10 07:15:42 +0000  /var/folders/g2/d727zpjx6_13bjxzzcl2kbxc0000gn/T/XcodeDistPipeline.~~~S0IVTY/Root/Payload/SYFC.app/Frameworks/Promise.framework: replacing existing signature
2023-01-10 07:15:42 +0000  /var/folders/g2/d727zpjx6_13bjxzzcl2kbxc0000gn/T/XcodeDistPipeline.~~~S0IVTY/Root/Payload/SYFC.app/Frameworks/Promise.framework: signed bundle with Mach-O thin (arm64) [org.cocoapods.Promise]
2023-01-10 07:15:42 +0000  /usr/bin/codesign exited with 0
2023-01-10 07:15:42 +0000  Entitlements for <IDEDistributionItem: 0x6000a2fc8d80; bundleID='org.cocoapods.nanopb', path='<DVTFilePath:0x60005219cc40:'/Users/parthibanchristopher/Library/Developer/Xcode/Archives/2023-01-10/syfc 10-1-23, 3.12 PM.xcarchive/Products/Applications/SYFC.app/Frameworks/nanopb.framework'>', codeSigningInfo='<_DVTCodeSigningInformation_Path: 0x6000e2bd62b0; isSigned='1', isAdHocSigned='0', signingCertificate='<DVTSigningCertificate: 0x60001bd402c0; name='Apple Development: Wayne Ong (R97PA3P7Z9)', hash='1503AF78DD15A63F3153FCFB8A507997A052270F', serialNumber='685E4B043D63C57627A83E1B3067E854', certificateKinds='(
    "1.2.840.113635.100.6.1.12",
    "1.2.840.113635.100.6.1.2"
), issueDate='2022-12-05 14:30:19 +0000''>', entitlements='(null)', teamID='4F6LM54QKY', identifier='org.cocoapods.nanopb', executablePath='<DVTFilePath:0x6000a2fcca80:'/Users/parthibanchristopher/Library/Developer/Xcode/Archives/2023-01-10/syfc 10-1-23, 3.12 PM.xcarchive/Products/Applications/SYFC.app/Frameworks/nanopb.framework/nanopb'>', hardenedRuntime='0'>'>: {
}
2023-01-10 07:15:42 +0000  Entitlements for <IDEDistributionItem: 0x6000a2fc8d80; bundleID='org.cocoapods.nanopb', path='<DVTFilePath:0x60005219cc40:'/Users/parthibanchristopher/Library/Developer/Xcode/Archives/2023-01-10/syfc 10-1-23, 3.12 PM.xcarchive/Products/Applications/SYFC.app/Frameworks/nanopb.framework'>', codeSigningInfo='<_DVTCodeSigningInformation_Path: 0x6000e2bd62b0; isSigned='1', isAdHocSigned='0', signingCertificate='<DVTSigningCertificate: 0x60001bd42100; name='Apple Development: Wayne Ong (R97PA3P7Z9)', hash='1503AF78DD15A63F3153FCFB8A507997A052270F', serialNumber='685E4B043D63C57627A83E1B3067E854', certificateKinds='(
    "1.2.840.113635.100.6.1.12",
    "1.2.840.113635.100.6.1.2"
), issueDate='2022-12-05 14:30:19 +0000''>', entitlements='(null)', teamID='4F6LM54QKY', identifier='org.cocoapods.nanopb', executablePath='<DVTFilePath:0x6000a2fcca80:'/Users/parthibanchristopher/Library/Developer/Xcode/Archives/2023-01-10/syfc 10-1-23, 3.12 PM.xcarchive/Products/Applications/SYFC.app/Frameworks/nanopb.framework/nanopb'>', hardenedRuntime='0'>'> are: {
}
2023-01-10 07:15:42 +0000  Writing entitlements for <IDEDistributionItem: 0x6000a2fc8d80; bundleID='org.cocoapods.nanopb', path='<DVTFilePath:0x60005219cc40:'/Users/parthibanchristopher/Library/Developer/Xcode/Archives/2023-01-10/syfc 10-1-23, 3.12 PM.xcarchive/Products/Applications/SYFC.app/Frameworks/nanopb.framework'>', codeSigningInfo='<_DVTCodeSigningInformation_Path: 0x6000e2bd62b0; isSigned='1', isAdHocSigned='0', signingCertificate='<DVTSigningCertificate: 0x60001bd42520; name='Apple Development: Wayne Ong (R97PA3P7Z9)', hash='1503AF78DD15A63F3153FCFB8A507997A052270F', serialNumber='685E4B043D63C57627A83E1B3067E854', certificateKinds='(
    "1.2.840.113635.100.6.1.12",
    "1.2.840.113635.100.6.1.2"
), issueDate='2022-12-05 14:30:19 +0000''>', entitlements='(null)', teamID='4F6LM54QKY', identifier='org.cocoapods.nanopb', executablePath='<DVTFilePath:0x6000a2fcca80:'/Users/parthibanchristopher/Library/Developer/Xcode/Archives/2023-01-10/syfc 10-1-23, 3.12 PM.xcarchive/Products/Applications/SYFC.app/Frameworks/nanopb.framework/nanopb'>', hardenedRuntime='0'>'> to: /var/folders/g2/d727zpjx6_13bjxzzcl2kbxc0000gn/T/XcodeDistPipeline.~~~S0IVTY/entitlements~~~XWBq02
2023-01-10 07:15:42 +0000  Running /usr/bin/codesign '-vvv' '--force' '--sign' '1503AF78DD15A63F3153FCFB8A507997A052270F' '--entitlements' '/var/folders/g2/d727zpjx6_13bjxzzcl2kbxc0000gn/T/XcodeDistPipeline.~~~S0IVTY/entitlements~~~XWBq02' '--generate-entitlement-der' '--preserve-metadata=identifier,flags,runtime' '/var/folders/g2/d727zpjx6_13bjxzzcl2kbxc0000gn/T/XcodeDistPipeline.~~~S0IVTY/Root/Payload/SYFC.app/Frameworks/nanopb.framework'
2023-01-10 07:15:42 +0000  /var/folders/g2/d727zpjx6_13bjxzzcl2kbxc0000gn/T/XcodeDistPipeline.~~~S0IVTY/Root/Payload/SYFC.app/Frameworks/nanopb.framework: replacing existing signature
2023-01-10 07:15:42 +0000  /var/folders/g2/d727zpjx6_13bjxzzcl2kbxc0000gn/T/XcodeDistPipeline.~~~S0IVTY/Root/Payload/SYFC.app/Frameworks/nanopb.framework: signed bundle with Mach-O thin (arm64) [org.cocoapods.nanopb]
2023-01-10 07:15:42 +0000  /usr/bin/codesign exited with 0
2023-01-10 07:15:42 +0000  Entitlements for <IDEDistributionItem: 0x6000a2fca940; bundleID='terra.newsyfc', path='<DVTFilePath:0x6000521a3870:'/Users/parthibanchristopher/Library/Developer/Xcode/Archives/2023-01-10/syfc 10-1-23, 3.12 PM.xcarchive/Products/Applications/SYFC.app'>', codeSigningInfo='<_DVTCodeSigningInformation_Path: 0x6000e2ab10e0; isSigned='1', isAdHocSigned='0', signingCertificate='<DVTSigningCertificate: 0x60001fd87180; name='Apple Development: Wayne Ong (R97PA3P7Z9)', hash='1503AF78DD15A63F3153FCFB8A507997A052270F', serialNumber='685E4B043D63C57627A83E1B3067E854', certificateKinds='(
    "1.2.840.113635.100.6.1.12",
    "1.2.840.113635.100.6.1.2"
), issueDate='2022-12-05 14:30:19 +0000''>', entitlements='{
    "application-identifier" = "4F6LM54QKY.terra.newsyfc";
    "aps-environment" = development;
    "com.apple.developer.networking.networkextension" =     (
        "app-proxy-provider",
        "content-filter-provider",
        "dns-proxy",
        "dns-settings",
        "packet-tunnel-provider"
    );
    "com.apple.developer.team-identifier" = 4F6LM54QKY;
    "get-task-allow" = 1;
    "keychain-access-groups" =     (
        "4F6LM54QKY.terra.newsyfc"
    );
}', teamID='4F6LM54QKY', identifier='terra.newsyfc', executablePath='<DVTFilePath:0x60009ef57f00:'/Users/parthibanchristopher/Library/Developer/Xcode/Archives/2023-01-10/syfc 10-1-23, 3.12 PM.xcarchive/Products/Applications/SYFC.app/SYFC'>', hardenedRuntime='0'>'>: {
    "application-identifier" = "4F6LM54QKY.terra.newsyfc";
    "aps-environment" = development;
    "com.apple.developer.networking.networkextension" =     (
        "app-proxy-provider",
        "content-filter-provider",
        "dns-proxy",
        "dns-settings",
        "packet-tunnel-provider"
    );
    "com.apple.developer.team-identifier" = 4F6LM54QKY;
    "get-task-allow" = 1;
    "keychain-access-groups" =     (
        "4F6LM54QKY.terra.newsyfc"
    );
}
2023-01-10 07:15:42 +0000  Entitlements for <IDEDistributionItem: 0x6000a2fca940; bundleID='terra.newsyfc', path='<DVTFilePath:0x6000521a3870:'/Users/parthibanchristopher/Library/Developer/Xcode/Archives/2023-01-10/syfc 10-1-23, 3.12 PM.xcarchive/Products/Applications/SYFC.app'>', codeSigningInfo='<_DVTCodeSigningInformation_Path: 0x6000e2ab10e0; isSigned='1', isAdHocSigned='0', signingCertificate='<DVTSigningCertificate: 0x60001bd40370; name='Apple Development: Wayne Ong (R97PA3P7Z9)', hash='1503AF78DD15A63F3153FCFB8A507997A052270F', serialNumber='685E4B043D63C57627A83E1B3067E854', certificateKinds='(
    "1.2.840.113635.100.6.1.12",
    "1.2.840.113635.100.6.1.2"
), issueDate='2022-12-05 14:30:19 +0000''>', entitlements='{
    "application-identifier" = "4F6LM54QKY.terra.newsyfc";
    "aps-environment" = development;
    "com.apple.developer.networking.networkextension" =     (
        "app-proxy-provider",
        "content-filter-provider",
        "dns-proxy",
        "dns-settings",
        "packet-tunnel-provider"
    );
    "com.apple.developer.team-identifier" = 4F6LM54QKY;
    "get-task-allow" = 1;
    "keychain-access-groups" =     (
        "4F6LM54QKY.terra.newsyfc"
    );
}', teamID='4F6LM54QKY', identifier='terra.newsyfc', executablePath='<DVTFilePath:0x60009ef57f00:'/Users/parthibanchristopher/Library/Developer/Xcode/Archives/2023-01-10/syfc 10-1-23, 3.12 PM.xcarchive/Products/Applications/SYFC.app/SYFC'>', hardenedRuntime='0'>'> are: {
    "application-identifier" = "4F6LM54QKY.terra.newsyfc";
    "aps-environment" = development;
    "com.apple.developer.networking.networkextension" =     (
        "app-proxy-provider",
        "content-filter-provider",
        "dns-proxy",
        "dns-settings",
        "packet-tunnel-provider"
    );
    "com.apple.developer.team-identifier" = 4F6LM54QKY;
    "get-task-allow" = 1;
    "keychain-access-groups" =     (
        "4F6LM54QKY.terra.newsyfc"
    );
}
2023-01-10 07:15:42 +0000  Writing entitlements for <IDEDistributionItem: 0x6000a2fca940; bundleID='terra.newsyfc', path='<DVTFilePath:0x6000521a3870:'/Users/parthibanchristopher/Library/Developer/Xcode/Archives/2023-01-10/syfc 10-1-23, 3.12 PM.xcarchive/Products/Applications/SYFC.app'>', codeSigningInfo='<_DVTCodeSigningInformation_Path: 0x6000e2ab10e0; isSigned='1', isAdHocSigned='0', signingCertificate='<DVTSigningCertificate: 0x60001bd42100; name='Apple Development: Wayne Ong (R97PA3P7Z9)', hash='1503AF78DD15A63F3153FCFB8A507997A052270F', serialNumber='685E4B043D63C57627A83E1B3067E854', certificateKinds='(
    "1.2.840.113635.100.6.1.12",
    "1.2.840.113635.100.6.1.2"
), issueDate='2022-12-05 14:30:19 +0000''>', entitlements='{
    "application-identifier" = "4F6LM54QKY.terra.newsyfc";
    "aps-environment" = development;
    "com.apple.developer.networking.networkextension" =     (
        "app-proxy-provider",
        "content-filter-provider",
        "dns-proxy",
        "dns-settings",
        "packet-tunnel-provider"
    );
    "com.apple.developer.team-identifier" = 4F6LM54QKY;
    "get-task-allow" = 1;
    "keychain-access-groups" =     (
        "4F6LM54QKY.terra.newsyfc"
    );
}', teamID='4F6LM54QKY', identifier='terra.newsyfc', executablePath='<DVTFilePath:0x60009ef57f00:'/Users/parthibanchristopher/Library/Developer/Xcode/Archives/2023-01-10/syfc 10-1-23, 3.12 PM.xcarchive/Products/Applications/SYFC.app/SYFC'>', hardenedRuntime='0'>'> to: /var/folders/g2/d727zpjx6_13bjxzzcl2kbxc0000gn/T/XcodeDistPipeline.~~~S0IVTY/entitlements~~~WJkTsf
2023-01-10 07:15:42 +0000  Running /usr/bin/codesign '-vvv' '--force' '--sign' '1503AF78DD15A63F3153FCFB8A507997A052270F' '--entitlements' '/var/folders/g2/d727zpjx6_13bjxzzcl2kbxc0000gn/T/XcodeDistPipeline.~~~S0IVTY/entitlements~~~WJkTsf' '--generate-entitlement-der' '--preserve-metadata=identifier,flags,runtime' '/var/folders/g2/d727zpjx6_13bjxzzcl2kbxc0000gn/T/XcodeDistPipeline.~~~S0IVTY/Root/Payload/SYFC.app'
2023-01-10 07:15:42 +0000  /var/folders/g2/d727zpjx6_13bjxzzcl2kbxc0000gn/T/XcodeDistPipeline.~~~S0IVTY/Root/Payload/SYFC.app: replacing existing signature
2023-01-10 07:15:42 +0000  /var/folders/g2/d727zpjx6_13bjxzzcl2kbxc0000gn/T/XcodeDistPipeline.~~~S0IVTY/Root/Payload/SYFC.app: signed app bundle with Mach-O thin (arm64) [terra.newsyfc]
2023-01-10 07:15:42 +0000  /usr/bin/codesign exited with 0
2023-01-10 07:15:42 +0000  Processing step: IDEDistributionZipODRItemStep
2023-01-10 07:15:42 +0000  Skipping step: IDEDistributionZipODRItemStep because it said so
2023-01-10 07:15:42 +0000  Skipping step: IDEDistributionZipODRItemStep because it said so
2023-01-10 07:15:42 +0000  Skipping step: IDEDistributionZipODRItemStep because it said so
2023-01-10 07:15:42 +0000  Skipping step: IDEDistributionZipODRItemStep because it said so
2023-01-10 07:15:42 +0000  Skipping step: IDEDistributionZipODRItemStep because it said so
2023-01-10 07:15:42 +0000  Skipping step: IDEDistributionZipODRItemStep because it said so
2023-01-10 07:15:42 +0000  Skipping step: IDEDistributionZipODRItemStep because it said so
2023-01-10 07:15:42 +0000  Skipping step: IDEDistributionZipODRItemStep because it said so
2023-01-10 07:15:42 +0000  Processing step: IDEDistributionCreateIPAStep
2023-01-10 07:15:42 +0000  Running /usr/bin/ditto '-V' '-c' '-k' '--norsrc' '/var/folders/g2/d727zpjx6_13bjxzzcl2kbxc0000gn/T/XcodeDistPipeline.~~~S0IVTY/Root' '/var/folders/g2/d727zpjx6_13bjxzzcl2kbxc0000gn/T/XcodeDistPipeline.~~~S0IVTY/Packages/SYFC.ipa'
2023-01-10 07:15:42 +0000  >>> Copying /var/folders/g2/d727zpjx6_13bjxzzcl2kbxc0000gn/T/XcodeDistPipeline.~~~S0IVTY/Root 
2023-01-10 07:15:42 +0000  copying file ./Payload/SYFC.app/_CodeSignature/CodeResources ... 
2023-01-10 07:15:42 +0000  9107 bytes for ./Payload/SYFC.app/_CodeSignature/CodeResources
2023-01-10 07:15:42 +0000  copying file ./Payload/SYFC.app/SYFC ... 
2023-01-10 07:15:42 +0000  2727584 bytes for ./Payload/SYFC.app/SYFC
copying file ./Payload/SYFC.app/AppIcon60x60@2x.png ... 
2023-01-10 07:15:42 +0000  10551 bytes for ./Payload/SYFC.app/AppIcon60x60@2x.png
copying file ./Payload/SYFC.app/GoogleService-Info.plist ... 
670 bytes for ./Payload/SYFC.app/GoogleService-Info.plist
copying file ./Payload/SYFC.app/Assets.car ... 
2023-01-10 07:15:42 +0000  837807 bytes for ./Payload/SYFC.app/Assets.car
copying file ./Payload/SYFC.app/AppIcon76x76@2x~ipad.png ... 
2023-01-10 07:15:42 +0000  15817 bytes for ./Payload/SYFC.app/AppIcon76x76@2x~ipad.png
2023-01-10 07:15:42 +0000  copying file ./Payload/SYFC.app/Frameworks/FBLPromises.framework/_CodeSignature/CodeResources ... 
2023-01-10 07:15:42 +0000  1798 bytes for ./Payload/SYFC.app/Frameworks/FBLPromises.framework/_CodeSignature/CodeResources
copying file ./Payload/SYFC.app/Frameworks/FBLPromises.framework/FBLPromises ... 
2023-01-10 07:15:42 +0000  192496 bytes for ./Payload/SYFC.app/Frameworks/FBLPromises.framework/FBLPromises
copying file ./Payload/SYFC.app/Frameworks/FBLPromises.framework/Info.plist ... 
2023-01-10 07:15:42 +0000  791 bytes for ./Payload/SYFC.app/Frameworks/FBLPromises.framework/Info.plist
2023-01-10 07:15:42 +0000  copying file ./Payload/SYFC.app/Frameworks/FirebaseCoreInternal.framework/_CodeSignature/CodeResources ... 
2023-01-10 07:15:42 +0000  1798 bytes for ./Payload/SYFC.app/Frameworks/FirebaseCoreInternal.framework/_CodeSignature/CodeResources
2023-01-10 07:15:42 +0000  copying file ./Payload/SYFC.app/Frameworks/FirebaseCoreInternal.framework/FirebaseCoreInternal ... 
2023-01-10 07:15:42 +0000  413856 bytes for ./Payload/SYFC.app/Frameworks/FirebaseCoreInternal.framework/FirebaseCoreInternal
copying file ./Payload/SYFC.app/Frameworks/FirebaseCoreInternal.framework/Info.plist ... 
2023-01-10 07:15:42 +0000  813 bytes for ./Payload/SYFC.app/Frameworks/FirebaseCoreInternal.framework/Info.plist
2023-01-10 07:15:42 +0000  copying file ./Payload/SYFC.app/Frameworks/FirebaseCore.framework/_CodeSignature/CodeResources ... 
2023-01-10 07:15:42 +0000  1798 bytes for ./Payload/SYFC.app/Frameworks/FirebaseCore.framework/_CodeSignature/CodeResources
2023-01-10 07:15:42 +0000  copying file ./Payload/SYFC.app/Frameworks/FirebaseCore.framework/FirebaseCore ... 
2023-01-10 07:15:42 +0000  198336 bytes for ./Payload/SYFC.app/Frameworks/FirebaseCore.framework/FirebaseCore
copying file ./Payload/SYFC.app/Frameworks/FirebaseCore.framework/Info.plist ... 
2023-01-10 07:15:42 +0000  795 bytes for ./Payload/SYFC.app/Frameworks/FirebaseCore.framework/Info.plist
2023-01-10 07:15:42 +0000  copying file ./Payload/SYFC.app/Frameworks/GoogleUtilities.framework/_CodeSignature/CodeResources ... 
2023-01-10 07:15:42 +0000  1798 bytes for ./Payload/SYFC.app/Frameworks/GoogleUtilities.framework/_CodeSignature/CodeResources
2023-01-10 07:15:42 +0000  copying file ./Payload/SYFC.app/Frameworks/GoogleUtilities.framework/GoogleUtilities ... 
2023-01-10 07:15:42 +0000  319024 bytes for ./Payload/SYFC.app/Frameworks/GoogleUtilities.framework/GoogleUtilities
copying file ./Payload/SYFC.app/Frameworks/GoogleUtilities.framework/Info.plist ... 
2023-01-10 07:15:42 +0000  802 bytes for ./Payload/SYFC.app/Frameworks/GoogleUtilities.framework/Info.plist
2023-01-10 07:15:42 +0000  copying file ./Payload/SYFC.app/Frameworks/nanopb.framework/_CodeSignature/CodeResources ... 
2023-01-10 07:15:42 +0000  1798 bytes for ./Payload/SYFC.app/Frameworks/nanopb.framework/_CodeSignature/CodeResources
2023-01-10 07:15:42 +0000  copying file ./Payload/SYFC.app/Frameworks/nanopb.framework/nanopb ... 
2023-01-10 07:15:42 +0000  81104 bytes for ./Payload/SYFC.app/Frameworks/nanopb.framework/nanopb
copying file ./Payload/SYFC.app/Frameworks/nanopb.framework/Info.plist ... 
2023-01-10 07:15:42 +0000  785 bytes for ./Payload/SYFC.app/Frameworks/nanopb.framework/Info.plist
2023-01-10 07:15:42 +0000  copying file ./Payload/SYFC.app/Frameworks/Promise.framework/_CodeSignature/CodeResources ... 
2023-01-10 07:15:42 +0000  1798 bytes for ./Payload/SYFC.app/Frameworks/Promise.framework/_CodeSignature/CodeResources
2023-01-10 07:15:42 +0000  copying file ./Payload/SYFC.app/Frameworks/Promise.framework/Promise ... 
2023-01-10 07:15:42 +0000  214112 bytes for ./Payload/SYFC.app/Frameworks/Promise.framework/Promise
copying file ./Payload/SYFC.app/Frameworks/Promise.framework/Info.plist ... 
2023-01-10 07:15:42 +0000  783 bytes for ./Payload/SYFC.app/Frameworks/Promise.framework/Info.plist
2023-01-10 07:15:42 +0000  copying file ./Payload/SYFC.app/Frameworks/FirebaseInstallations.framework/_CodeSignature/CodeResources ... 
2023-01-10 07:15:42 +0000  1798 bytes for ./Payload/SYFC.app/Frameworks/FirebaseInstallations.framework/_CodeSignature/CodeResources
2023-01-10 07:15:42 +0000  copying file ./Payload/SYFC.app/Frameworks/FirebaseInstallations.framework/FirebaseInstallations ... 
2023-01-10 07:15:42 +0000  294432 bytes for ./Payload/SYFC.app/Frameworks/FirebaseInstallations.framework/FirebaseInstallations
2023-01-10 07:15:42 +0000  copying file ./Payload/SYFC.app/Frameworks/FirebaseInstallations.framework/Info.plist ... 
2023-01-10 07:15:42 +0000  815 bytes for ./Payload/SYFC.app/Frameworks/FirebaseInstallations.framework/Info.plist
2023-01-10 07:15:42 +0000  copying file ./Payload/SYFC.app/embedded.mobileprovision ... 
2023-01-10 07:15:42 +0000  18062 bytes for ./Payload/SYFC.app/embedded.mobileprovision
2023-01-10 07:15:42 +0000  copying file ./Payload/SYFC.app/Info.plist ... 
2023-01-10 07:15:42 +0000  1628 bytes for ./Payload/SYFC.app/Info.plist
2023-01-10 07:15:42 +0000  copying file ./Payload/SYFC.app/PkgInfo ... 
2023-01-10 07:15:42 +0000  8 bytes for ./Payload/SYFC.app/PkgInfo
2023-01-10 07:15:42 +0000  /usr/bin/ditto exited with 0
2023-01-10 07:15:42 +0000  Processing step: IDEDistributionAppStoreInformationStep
2023-01-10 07:15:42 +0000  Skipping step: IDEDistributionAppStoreInformationStep because it said so
2023-01-10 07:15:42 +0000  Processing step: IDEDistributionGenerateProcessedDistributionItems
2023-01-10 07:15:42 +0000  IDEDistributionItem init <DVTFilePath:0x6000521833a0:'/var/folders/g2/d727zpjx6_13bjxzzcl2kbxc0000gn/T/XcodeDistPipeline.~~~S0IVTY/Root/Payload/SYFC.app/Frameworks/nanopb.framework'>
2023-01-10 07:15:42 +0000  IDEDistributionItem init <DVTFilePath:0x6000521f9260:'/var/folders/g2/d727zpjx6_13bjxzzcl2kbxc0000gn/T/XcodeDistPipeline.~~~S0IVTY/Root/Payload/SYFC.app/Frameworks/FBLPromises.framework'>
2023-01-10 07:15:42 +0000  IDEDistributionItem init <DVTFilePath:0x60006e6f0080:'/var/folders/g2/d727zpjx6_13bjxzzcl2kbxc0000gn/T/XcodeDistPipeline.~~~S0IVTY/Root/Payload/SYFC.app/Frameworks/FirebaseInstallations.framework'>
2023-01-10 07:15:42 +0000  IDEDistributionItem init <DVTFilePath:0x6000521373a0:'/var/folders/g2/d727zpjx6_13bjxzzcl2kbxc0000gn/T/XcodeDistPipeline.~~~S0IVTY/Root/Payload/SYFC.app/Frameworks/FirebaseCore.framework'>
2023-01-10 07:15:42 +0000  IDEDistributionItem init <DVTFilePath:0x600052185180:'/var/folders/g2/d727zpjx6_13bjxzzcl2kbxc0000gn/T/XcodeDistPipeline.~~~S0IVTY/Root/Payload/SYFC.app/Frameworks/Promise.framework'>
2023-01-10 07:15:42 +0000  IDEDistributionItem init <DVTFilePath:0x60006e6f0100:'/var/folders/g2/d727zpjx6_13bjxzzcl2kbxc0000gn/T/XcodeDistPipeline.~~~S0IVTY/Root/Payload/SYFC.app/Frameworks/GoogleUtilities.framework'>
2023-01-10 07:15:42 +0000  IDEDistributionItem init <DVTFilePath:0x60006e6f0000:'/var/folders/g2/d727zpjx6_13bjxzzcl2kbxc0000gn/T/XcodeDistPipeline.~~~S0IVTY/Root/Payload/SYFC.app/Frameworks/FirebaseCoreInternal.framework'>
2023-01-10 07:15:42 +0000  IDEDistributionItem init <DVTFilePath:0x6000521f8310:'/var/folders/g2/d727zpjx6_13bjxzzcl2kbxc0000gn/T/XcodeDistPipeline.~~~S0IVTY/Root/Payload/SYFC.app'>
2023-01-10 07:15:42 +0000  Processing step: IDEDistributionCreateManifestStep
